!!!!!!!!!!!!!!!!!!!!!!!!!!!!!!!!!!!!!!!!!!!!!!!!!!
!                                                !
!  ChilliePicker:                                !
!  https://youtu.be/NPJn9xCkmsw                  !
!                                                !
!  Ew Scammer!                                   !
!  @Huan61643736                                 !
!                                                !
!  Ill keep an eye on em,                        !
!  Thank you!!                                   !
!                                                !
!                                                !
!!!!!!!!!!!!!!!!!!!!!!!!!!!!!!!!!!!!!!!!!!!!!!!!!!
!!!!!!!!!!!!!!!!!!!!!!!!!!!!!!!!!!!!!!!!!!!!!!!!!!
!                                                !
!  ChilliePicker:                                !
!  NULL                                          !
!                                                !
!  Ew Scammer!                                   !
!  @tr0lliwa                                     !
!                                                !
!  Ill keep an eye on em,                        !
!  Thank you!!                                   !
!                                                !
!                                                !
!!!!!!!!!!!!!!!!!!!!!!!!!!!!!!!!!!!!!!!!!!!!!!!!!!
!!!!!!!!!!!!!!!!!!!!!!!!!!!!!!!!!!!!!!!!!!!!!!!!!!!!!!!!!!!!
!                                                          !
!  ChilliePicker:                                          !
!  0xcc65a315e36e142f14e6f2e11dd26c72a84a39ea              !
!                                                          !
!  Ew Scammers!                                            !
!  @fennfish01                                             !
!  @nottycathyparo1                                        !
!                                                          !
!  Ill keep an eye on em,                                  !
!  Thank you!!                                             !
!                                                          !
!                                                          !
!!!!!!!!!!!!!!!!!!!!!!!!!!!!!!!!!!!!!!!!!!!!!!!!!!!!!!!!!!!!
!!!!!!!!!!!!!!!!!!!!!!!!!!!!!!!!!!!!!!!!!!!!!!!!!!!!!!!!!!!!
!                                                          !
!  ChilliePicker:                                          !
!  0xbe84959b5bfF8d2C3BFEEff94000eBB0C7Ee2BD5              !
!                                                          !
!  Ew Scammers!                                            !
!  @babywolfe25                                            !
!  @Blessed_nife16                                         !
!                                                          !
!  Ill keep an eye on em,                                  !
!  Thank you!!                                             !
!                                                          !
!                                                          !
!!!!!!!!!!!!!!!!!!!!!!!!!!!!!!!!!!!!!!!!!!!!!!!!!!!!!!!!!!!!
