**************************************************
*                                                *
*  ChilliePicker:                                *
*  @Eyoyibo1                                     *
*  Name: Eyoyibo1                                *
*  ID: 1455923072595279873                       *
*                                                *
**************************************************
**************************************************
*                                                *
*  ChilliePicker:                                *
*  @AtlasWallet                                  *
*  Name: Atlas Wallet                            *
*  ID: 1587499518274289669                       *
*                                                *
**************************************************
**************************************************
*                                                *
*  ChilliePicker:                                *
*  @JulianGerzanich                              *

*  ID: 236576369                                 *
*                                                *
**************************************************
**************************************************
*                                                *
*  ChilliePicker:                                *
*  @MightyTwoEight                               *
*  Name: GMFather                                *
*  ID: 1157356802276655104                       *
*                                                *
**************************************************
**************************************************
*                                                *
*  ChilliePicker:                                *
*  @jamestheape                                  *
*  Name: James                                   *
*  ID: 1608745304496525312                       *
*                                                *
**************************************************
**************************************************
*                                                *
*  ChilliePicker:                                *
*  @AttoNFT                                      *
*  Name: Atto (schemin)                          *
*  ID: 1519850315188781064                       *
*                                                *
**************************************************
**************************************************
*                                                *
*  ChilliePicker:                                *
*  @UltraBallingOut                              *
*  Name: Ultra Goated                            *
*  ID: 1655407824497934336                       *
*                                                *
**************************************************
**************************************************
*                                                *
*  ChilliePicker:                                *
*  @zunso_eth                                    *
*  Name: Zun                                     *
*  ID: 1450405430769881090                       *
*                                                *
**************************************************
**************************************************
*                                                *
*  ChilliePicker:                                *
*  @strawxbt                                     *

*  ID: 1605040274320801793                       *
*                                                *
**************************************************
**************************************************
*                                                *
*  ChilliePicker:                                *
*  @takeyourcrypto3                              *
*  Name: Lost in Translation                     *
*  ID: 368475905                                 *
*                                                *
**************************************************
**************************************************
*                                                *
*  ChilliePicker:                                *
*  @vln                                          *
*  Name: vln                                     *
*  ID: 15834863                                  *
*                                                *
**************************************************
**************************************************
*                                                *
*  ChilliePicker:                                *
*  @whispering                                   *
*  Name: brightside                              *
*  ID: 2521427342                                *
*                                                *
**************************************************
**************************************************
*                                                *
*  ChilliePicker:                                *
*  @kingfud                                      *
*  Name: FUD                                     *
*  ID: 556601889                                 *
*                                                *
**************************************************
**************************************************
*                                                *
*  ChilliePicker:                                *
*  @Cookieeee02                                  *

*  ID: 1375198662519758850                       *
*                                                *
**************************************************
**************************************************
*                                                *
*  ChilliePicker:                                *
*  @eth_ben                                      *
*  Name: ben.eth                                 *
*  ID: 1387502917645737985                       *
*                                                *
**************************************************
************************************************************
*                                                          *
*  ChilliePicker:                                          *
*  @JustAlphaEth                                           *
*  Name: JustAlpha.Eth | 932.btc                           *
*  ID: 1349355660631175170                                 *
*                                                          *
************************************************************
