0xB202C431e3fBeBc9f5c2c7C38Dd8667320062f9
0xd6E698A2BffaA79897e0B389fe77027006A125d
0x15B8e1299b5Fbca74130e888C238aA9a2D2210B
0x045cdee649d6e1f389bb9e08675ead66ad1ae05
0x73c6B72Fe87D8C82a60cF773340daf7e24a5BDF
0xd4a8306E5d5e1a7c7e24C170E0F127176966b9B
0x7b9f807F23686E8d5f9fD951fEF545576932Fe4
?
0xcc65a315e36e142f14e6f2e11dd26c72a84a39e
0xa79AC070514EB2190Ad8C76C8dEa88f2A8Ccee3
0xE12cfBceE77b6a4cE80a044e3C6C38B5BBbfEd4
0xB3bddae243473Be1d4b320babd79eC9A03b3adE
0xf9eDaB29a7eE9EB0e7844f1D0734193F8D1F322
0x86e4329763DA7cD581363C8FfC71A64ED70404f
0xE4a017c83F667cC6643bc8c8624Cb81Abb9A55c
h
0xa6a950B95Ccc16D6b80173dE79016915dd4aee6
0xf9d28ef79c9d0bbced7237fc0389eed0e526a76
0xc9150b01A27ec662d06Bfb79171CD4f387AC19F
h
0xe98bb28A3a9F3bE46595393CCfbAb7D9CEE98A3
0x85cf4cCcFa0FA07aA11d0997dA1AdCad67300Eb
0xD371b1Ca1918Dcf0655409a3D0c8dFd67F111Bb
h
0xC407e8De4A077AC0F05901F59C20c5a04c56419
0x32C7ABd9395914211E7F6A822802970662c8318
0x25b84d7eda7A21509c4Bee979D028Bbe5D0ba8d
0x155416C2980165985EC7F8B3970d941fa72005a
0xb866acdAE843Ab60FEB6DcA361750BB2213c5e5
0x6c5549DC35B81103cBf915C5b3c291770413336
0x426083a076C5e43ac6E3235E43228bb42362967
0xFF56845474dffFbBCAfcba7B9a37F2FDF008b9d
0xf34c07787A38Af23A2C76885F76874b9a380b8B
0x65246C921885dF98b95e4E52a6635810Bc11aF9
0x122B2B3b017774fbd342Ff4989Bcc59b4CEffE3
0xB564a19Fca8862c179712F808Ed928B807c3534
0x0E10c750bBA4E51fb01F3FF965B2DFC1675D230
0x312026648c69DD893797fa0b2eC9f5a99f9332E
0x1281750bF55B04bd088A2E348071dA3d5E8031f
0x44f27C2e5E301Cf81bCB9AAeEe2309eF7aDa3f6
0x2e11bD7572A135BADcb544da77078a098A5A567
0x86CBe32aaFDAF2ed379B13e6c32eafa74D140ae
0x8F7d18eb575EFd42c58e2409Ade0853d9b636cB
0x10682d8627C7c95c3Bc6f03341F9a11f9d5b117
0xa9EA7a50BFd7a254Bf92A7457fEbc935c5c61F9
0x081B5F6f251b04a050382F2d3AF6F13e9596672
0xc32B30fA902aeDAE9F9D21A1c711D24202AFA85
0x3c9290e5985614Bc724ddc72011c54F4446b6Ef
0xC6066f7320a3F1Dead8426D1EbAe88D697FfA32
0x4b84012723fd252e840B1bdd490a67606A6998e
0xC8d78BaA93fF8d4Fdd960f13f350b9c5b072818
0x0A4C640876DF8d748176CD224Aa68c3182597f6
0x0CeB1555aa9E3A920C30a0BdB0CB74a56c0086A
0xBe37629354A35ECa43A8c7F719D2E9603F77082
0x88b155b8716D0AEEF5C82110788776225792052
0x6ACf8e5BDa29f4d341a4FAf61A65E83FEdA7Dd1
0xcC6628Dac82e1E5Cad8eC4fd258877AF38eee42
0x8863CdF7262DF190DE7504e3FF65eD11bD37427
0xD638CfBDfa405860937e6c63f2f5Fc36C13dA63
0x552a0C52822C349a9b3ec032258B5fA3f5Ce425
0xE11602Ee288C8d7C7D8722f48953a7e598dFCE7
0x5Cc5eAe02533Fe7c74C768B0dBFa733386DCC62
0xaD5805f7a9Cf6FcC65c51f6ac2D1AE3E84dC2F6
0x12c1140544eA9BbB2aAe4Df8B18dd5924eE4466
0x97b6cfab281d7bdbB1d4b9aFc1A7600bCb3301E
0x4F7e2312aaF7d04EF000683DCdCe4c7cb1f2E28
0xc227765e4d22c32e8878CcB6A3ba431af87E71e
0xca06fBDE588a97C4E16A844494D387087337147
0xeD1F0B1271688F158aBC4E21884f1CA49495cee
0xdC084a84944939e25Dc0b13F3eaAe0726921B2D
0xa02Cb68A19d05A09e088402B208B2aabCD0fcF8
0x3aAAE5C3c0f1F3b239cb6a5F02e105674De13bB
0xdeDc2e59fab82F33841D76f40C909188Eb66C46
0x25d307AFc89916D0F308994d3313012b23A46aa
0x98E83F2934683Ad91047dEb4914814d321EFb5B
0xeEE78d3d70777165d9DD20A19F6E347960247c4
0x2c445c81201c7fdd2bc596a5c74a4aab7a3dd3c
0x164b252a75AE99Cc172a2863e23790d68D8D58D
0x660bf5B9a65b1EE8320d3212780A438eb1dfDAe
0x260adb3Ed6b8eAdA458828Ed4DEAa6BC6C98243

0x232AAEe8F202A48EAC9c8F2f04074DF8dd2f5F7
0x16a415883c25A4BbB4d3289e1dBBEc3767ef656
0x108757A6271cf89e93fA7c29D019c6B7aAeFc2F
0xbe84959b5bfF8d2C3BFEEff94000eBB0C7Ee2BD
0xa78990ebb24BaAB75302546A910d1331127A9D4
0x0BBd1291bAaF298f9f1C041F96509C23ced2bF4
0xF34F9aD0E8C4eb9Ca8143d4925542aBC2C0707E
0x0679F54b44c0DC037b996bFf72C6862554C595f
0x15CD1328b9fE4c05a9C668c2FF68A0D5A5D308E
0x57b23B3E06cCdd8b0e592749860450feFdD5708
0x3c7f381E8C48E6b526a2D981a10761b4F62C891
0x68A1212E4FD8185800E3E5AEC2C5194Dd702631
0x01dfCf251789d59592D75387B73cf9165cb0337
0x90FF3ACa423150Fc69703A6d8320e93A6624c74
0xB16719bc309CBEDDD638dc01BbF22dAe9BE38d2
0xfc3b4b49e61469fb434a695dc2ee03eed6eb841
0x6f71c8c2312d8c6E2d006b83beAb4042dABF1e4
0x33c0AED5C0248De7E2810685298a74F47E52b50
0xF2A6b21737586a55659879136E2dDf69064E50F
0x095a7599EDDA32670b3d50d4dEeCc8FcC8cBd50
0x6927a0d2A5e1cE3e5046A3D1D1B4Dab7CBE7f41
0xe391d116687F5848Fa8A81A2A7670518FD7Ca72
0x70fB53335d16Af47580d858369c2d897502Ed9B
0x96D67949Df8430d719529442269A21DF6700E5B
0x6F7C1E93082d3f698a696E48D8284E15bebAc19
0x755cac5Fd538339a82e9AEa4a3eA219E7914914
0x03eeaB6543523FEF454d761484852252FAc406A
0xA0018220E2Ead2640AD776c4F7fD84e5c65A26f
0x031eb7A5DAd63990a5cd7Ea9d116Af8B5b7213f
0x2F10B664465a0C85391FD4c9eb73707daE28b52
0x7AE2db1C5955977bF3312CAd5854E6a8e8ecE42
0x3c1d57238FB725D718CE35412d002c51D5bB599
0x68bd8Af5918E4bF157eb114080542C7593E7Be6
0x85B369Cb1D922BE143cEf31Bf95C264a063594c
0xE2f0c2BE80F949FdBF2268D413f7A5bf0076c79
0xAb785123bbb42e2f33350D2bDA74916CBA4eDC3
0x0adbF3d3eb9d706d871266997E49e301c393344
0x92f65cb06dbd9Bb9c77DBd68CC5D09C202739be
0xb902ECdF2eB45c9d2C518F447097BeE83D4370a
0xDAD4228B112B606C4065B33728393edBe342F91
0x07bf845b30e683DB8B0c6DD1B401f0110BB4d47
0xfeAA915e3CAf97809EC88334374fF0FEd89E8cF
0x97334d2f82aEb46B26efe11205254506a3ffF3f
0x60502B5a7E705fb339e0A7a210c869C31A48362
0xe52c3390E37f9E6692E3EeA98D088787775f06D
0xA2FF100bfDa6A668DDBAc5e546012487C247161
0x2cB150d4306c2231c212ee13a552029f5472788
0x89a55D60956A071a58C27fB6376fEcB19ecf197
0x6A2656B0e81a8A31Abbc031A9c85C7e2E1D18ba
0x23bcF3F517930f104aA87Ae80c976f3c07CBA88
0xc4F0EBA17fC7C338F0E90456E9E336C52b7eF05
0xbe84959b5bfF8d2C3BFEEff94000eBB0C7Ee2BD
0xD0afC371FE9802D9Cfdbe96144942D6291B54ba
0xB6c6F4e0A1D28C1F21D4f0207FA01eD9f7124A5
0xDE01a1Fb59FA488112A471AEC488DD89E18950A
0x6453DBB7148d30a517E2E16AE5b11B3b7d2cEC2
0xd3B08e62CeBd2e70699304F08b90FBBfe66650D
0xae71d4CE5ff5974B21a2503D14b1E7b4eAC2ba4
0xe6aC34094F5cEc9F7968e2F92aab8e4E3b4Ce39
0x37F47C6c6DE2d277CeE6D68E8cE6a80992E840B
0x460c051F36dAceD22527dA6ce3dD1c1BbaCC56b
0xDC1Acb3E4a6Af0Eb6fB102D98294d1692F89839
0xcc9021346C8cD73bf792Cd99625371b28030acE
0x41AF79b488364c03BF9649dEb02e19d33955dcc
0x670061cCC58AB110F3F0b8D8dd682084171d5F6
0xf972B628cB66bA4190d2D27ca7B392809A467FB
0xb53781831B387dcf8B0b77d918F60f822A82Cf6
0x0Bbd3c706bd4279c852c68E49325C6df76E2C03
0xCaEEd0EDEc8EB311C423Ea5c0d2fa68Bb2C497c
0xcc65a315e36e142f14e6f2e11dd26c72a84a39e
0x836617583972835A11a515c8d51a4163f1AD1A4
0x3BA9948ef3C5cE2ab53d7389bdC59f09818b855
0x11912407Be26C0c37b4b2434282029a51440fEA
0x6Dbb99FeF998B1eEeA3fB440572084bC5b5B598
0x9b7437FD97B1EaE0457c3e77b6d3DC03717056C
0xC9CAFDa28719Dfcb744dD96b1E68dc491d8B2d3
0xEde17946811534CaA3A8e06a8F9a3D5418c9f08
0x4b05a0839Ed30eFB66A4C516903E2D95F601a59
0xF46D9287207fCE4DC6cBd530905307840F01e51
0xF42db5559159e96e8B503EE6fFa8Bf43e5D7d7A
0x822c561cF0963c538Ed87E4C68Ee9f5c6202077
0xF40E6ef9Cfb2135f9DC3788AaAd1e4e008bA776
0x2799FC1D243d0Be7E1b553607c071f140164a77
0x3656A13106004F502e29120e3badCF5A7b0DEA8
H
0xBaB8c6D86476615D6FF2D7d893AE401B773FF1A
0x6Bc63E13C4d9462b4a9aEA2E111944a460Ab08B
0xBEB99bbC15DF202f67aB19eC194413165a80c33
0xC12B8c84A743CE2C92ca1E331Ae060a202C3BB1
0x64a33542Caff653427EFE5796028c157Ba3E45f
0x1Fcdb5A21145479b2F67c5e1F001Aa8949b341D
0xdDAb0F77a888c97fE8c4297c5dC00c35F41ea7f
0x04cA445b6F073F4B7092686fC9BF23713Fd79f2
0xf3E9E8AC3f9E1E73E4E419aE9d68C70De41689a
0xc3C3E494DCC65535feae7027dAC91AE5041333E
0xD449ff0Bea8E3DB63B0c65561171B8279d71b05
0x195598D152C9Dd2BA40F93B5a2DFb6df5074E1C
0xCCd21083C2ab0Cdd629DEa8782c2b6Bd58c1145
0x8085673dbeBb2AF2bf1764E0C2C2ec492c82000

0xb18ac8aE07Fb2E726E24Ab62aaCeDC4961Ff20e
0x9f374cD11A03d40F4741438D2c73E080d30179C
0x5684bF26a0e0480d03c209C9Da3cD8Bf9E9fd6d
0x68292972678ee242faa6995055112be75e54424
0x59fCC241D34E3d3f6C60953f1eC44Ff9194C51D
0xc67EeF4f84dA197A082EFa06f2Cb1F5E9B9F03B
0xD56181DfA8C833fDb4c545301154DEe70d78365
0xcd73Fbd3eeB2116265842972e6a31362deC69bf

0x8553E24b9eb99c21Ea96A3E167CF4B8c75fb345
0xeC5fb3c486DE0Dab232CF805899Fdeb8DA92Df9
0x359508e861dBA02019ed66faBb9cc8583575eB4
0x52B45E275473C27C243b0528B73BE3e0F5B37fb
0xe1B177585ec2c618110559768CeB9e3213ad8ab
0x9F2923e5599e61Ce5302acBD1CE6A488A122a51
0x4fC958D660a66475209C59299d59F2743071a33
0xd3D1881a30Bf30f5bB4a3fB9BC57FfbB03721E9
0xD7b3C018ff3b589748D95128cfb0701a145A35c
0xdC192F63e20bE1E019bc87f8bDf36fC0a3d433f
0xC879778eD9B3cDe05e34A02620545E4f34c689A
0xDC83666bAbA9a5cE7967a05E06c159C94afEAd4
0x4ee71195068345B5135758D5243BFaF066B4F4b
0x774783e676a0cBae3F482Ec53E4e63c7aC153A0
0x77852A80238D466bD5f0dF8020F45f65eE510dD
0x8d1af45C01F06AfCad58ec9542875A887Ab9b52
0xe5f097F5b1E292EB8DE5CD27343283e75b3A85E
0xBa90EcA1b18dD1b2c15F0AEdAf8C897FFEf049c
0x1a2bCbc70c42f390f492d33E206D4317DF5A60F
0xF67bFE936d5B778Aaf8305Cccd6C3C0459d3c95
0xd7371a7D009Cd3EF3648ec3220E5B06E093dC1e
0xad1E805A87B6497933920F0b229DA42A867bAcc
0xe2283E52C51B5F38f4079c0075726c76438f722
0xB56054a526343F841a14d6Bb5D539799fb671d3
0xC2185855D627c433c99cd77f34c5a6DDdc26959
0x3AA5C8c3065638a4D5353cd453B7495aC54a2C6
0xC3bf4aa63f2862A06D90987CC716B1000D013A5
0x71fc301BD42723b8Cc9Ef6af3041047Fbf405AC
0xfE88d03640FBA9C332FA56243De1c9Efbea6a25
0x7F8C8bf01B2635c036E37b7CE4F4451C7715482
0xA86c168AaD27384c6A0d7b9f7aA99E71E280285
0x238a579375fcB9030f239326421A35e8ddED30c
0x70280E72695c9cf443644f0e0E388dcE1C4EE6b
0x602739F0DED67D506cE857b387d0f31a9612387
0xED5CE196FD229469D17C6e4008a4D0BA50b9Ccf
0x3525bAAD932C1E522D28543fc67F8713529B35D
0x6D4c69204a7C3c7fdDa5639C5DEF425b1277013
0x4CFB98c4740fcA4286440e3C2A2604e85BF6A06
0xe5e1772e765A3e51e5CaB88e8EFe11D42dc7599
0xa15dbafB261AC1BD5C5184954AA8Ca385FC0Dea
0xf1915e5ea48eFc7141F76c3B626BF568D3D2AFA
0xA9605b7A345ff2caf847b373DEF9be2E7Aa7e6D
0xc9701bd135347fA67d73fd2CE5b5e7B2a655465
0x660ef5d1CA7b4C645c21d7B8815879d5931657a
0xdEDB74005cAa6F7a8D11B8E8Ad65d2Ce147C6BF
0xd3095adA4F0e25E6cE41EEdd4F7ca2AE41C9a32
0x61336aadf27C9875ca26378349b3FBC36CE8B34
0xF9d44f9a06DdaBFf97793CB8B33f599B877677B
0xf2833af2528333479Acb38292252E8839A96653
0xe4382e6a19b7772620F92BFCEbA6E3AA5b2533a
0xf097481bB8e8745a38868Ff50a638A1f85296c1
0x496083f07EBBFc728f1317dEd34c0117D989972
0x3a8DE146B10E6b44427b3055D9f2ac0483D7f6E
0xeaC1576695040C0838dC5211CEbfC200E36817F
0x71D3089Fd8a9A88F395253199412D85a582f057
0x834c8227cE50b10383Fbe8418E34F29986C21f2
0x210e9FD00AAca633D83e4312177B6aBF9F0B7eF
0x48a526b3A8F05C2459641a386F451dC568ccc72
0x5e19E8CE63cC2B49DD23AC727709E1F924358Ce
0xF6945Eda4eE163B379C9cBaDc4B2D140A3e97cA
0xC56b078C846aAc90891A5EFF0ae319f4813323B
0x68Ded80B9b5577a18Ecc60216Bd943F99B7daF1
0x03Be068D9eF76dC04847827623D0dcC99D616D1
0x3030A1da015DF371295A7A9078baa8D7658cFEc
0x9a6a9609674058f80da300ebe504283cb571826
0xEc9E5A4E2cAab9e8E58f5688E4F5D40952738d2
0x9b585BF2fD6969d9844844163f5B0D768B19775

0x34570A5C5060b78C544f4Bf9971d3D1Dfe79b6b
0xc6dbf031790710e6d249121dc371d8575805515
0x15d9026FDb0DFe684729370eaFF0A2f72Dc11a4
0x477DbEC58BAd6f6318ca70AFF2d9953BA3b4dCb

0x9407576E646c9747F4092FD57E3f93Bd7779FA5
0xf5aCB5253A0eB63E486ea306E51E8454fDf2691
0xD1714E888C2b189b9bd6219936F5eab850f051b
0xd17991443A3E31A1B2c674061Fb2a1C58Cb2452
0xD363E1BB52cf591c3f5975Ac9225Eb59B934c59
0x3E19069cCb91cE9b608051B3f7F502b9409E841
0x70D95a4CFCa3088e5D0b2c31F2957a805E83057
0x7c5Ef1d18e280C20E0e63A7e9434e4E248F13ed
0x350eAFd1235514F6cB790ce646C16B364a48715

h
0xDA556f7c448806D6D445547f5991C4c161D9a3c
[13] - 0xB202C431e3fBeBc9f5c2c7C38Dd8667320062f9
[13] - 0xd6E698A2BffaA79897e0B389fe77027006A125d
[13] - 0x15B8e1299b5Fbca74130e888C238aA9a2D2210B
[13] - 0x045cdee649d6e1f389bb9e08675ead66ad1ae05
[13] - 0x73c6B72Fe87D8C82a60cF773340daf7e24a5BDF
[13] - 0xd4a8306E5d5e1a7c7e24C170E0F127176966b9B
[13] - 0x7b9f807F23686E8d5f9fD951fEF545576932Fe4
[-1] - ?
[13] - 0xcc65a315e36e142f14e6f2e11dd26c72a84a39e
[25] - 0xa79AC070514EB2190Ad8C76C8dEa88f2A8Ccee3
[13] - 0xE12cfBceE77b6a4cE80a044e3C6C38B5BBbfEd4
[13] - 0xB3bddae243473Be1d4b320babd79eC9A03b3adE
[13] - 0xf9eDaB29a7eE9EB0e7844f1D0734193F8D1F322
[13] - 0x86e4329763DA7cD581363C8FfC71A64ED70404f
[89] - 0xE4a017c83F667cC6643bc8c8624Cb81Abb9A55c
[-1] - h
[13] - 0xa6a950B95Ccc16D6b80173dE79016915dd4aee6
[13] - 0xf9d28ef79c9d0bbced7237fc0389eed0e526a76
[13] - 0xc9150b01A27ec662d06Bfb79171CD4f387AC19F
[-1] - h
[26] - 0xe98bb28A3a9F3bE46595393CCfbAb7D9CEE98A3
[13] - 0x85cf4cCcFa0FA07aA11d0997dA1AdCad67300Eb
[13] - 0xD371b1Ca1918Dcf0655409a3D0c8dFd67F111Bb
[-1] - h
[13] - 0xC407e8De4A077AC0F05901F59C20c5a04c56419
[13] - 0x32C7ABd9395914211E7F6A822802970662c8318
[13] - 0x25b84d7eda7A21509c4Bee979D028Bbe5D0ba8d
[13] - 0x155416C2980165985EC7F8B3970d941fa72005a
[13] - 0xb866acdAE843Ab60FEB6DcA361750BB2213c5e5
[13] - 0x6c5549DC35B81103cBf915C5b3c291770413336
[13] - 0x426083a076C5e43ac6E3235E43228bb42362967
[77] - 0xFF56845474dffFbBCAfcba7B9a37F2FDF008b9d
[13] - 0xf34c07787A38Af23A2C76885F76874b9a380b8B
[13] - 0x65246C921885dF98b95e4E52a6635810Bc11aF9
[13] - 0x122B2B3b017774fbd342Ff4989Bcc59b4CEffE3
[49] - 0xB564a19Fca8862c179712F808Ed928B807c3534
[29] - 0x0E10c750bBA4E51fb01F3FF965B2DFC1675D230
[13] - 0x312026648c69DD893797fa0b2eC9f5a99f9332E
[13] - 0x1281750bF55B04bd088A2E348071dA3d5E8031f
[13] - 0x44f27C2e5E301Cf81bCB9AAeEe2309eF7aDa3f6
[13] - 0x2e11bD7572A135BADcb544da77078a098A5A567
[13] - 0x86CBe32aaFDAF2ed379B13e6c32eafa74D140ae
[13] - 0x8F7d18eb575EFd42c58e2409Ade0853d9b636cB
[13] - 0x10682d8627C7c95c3Bc6f03341F9a11f9d5b117
[13] - 0xa9EA7a50BFd7a254Bf92A7457fEbc935c5c61F9
[13] - 0x081B5F6f251b04a050382F2d3AF6F13e9596672
[13] - 0xc32B30fA902aeDAE9F9D21A1c711D24202AFA85
[13] - 0x3c9290e5985614Bc724ddc72011c54F4446b6Ef
[13] - 0xC6066f7320a3F1Dead8426D1EbAe88D697FfA32
[13] - 0x4b84012723fd252e840B1bdd490a67606A6998e
[13] - 0xC8d78BaA93fF8d4Fdd960f13f350b9c5b072818
[13] - 0x0A4C640876DF8d748176CD224Aa68c3182597f6
[13] - 0x0CeB1555aa9E3A920C30a0BdB0CB74a56c0086A
[13] - 0xBe37629354A35ECa43A8c7F719D2E9603F77082
[13] - 0x88b155b8716D0AEEF5C82110788776225792052
[25] - 0x6ACf8e5BDa29f4d341a4FAf61A65E83FEdA7Dd1
[13] - 0xcC6628Dac82e1E5Cad8eC4fd258877AF38eee42
[13] - 0x8863CdF7262DF190DE7504e3FF65eD11bD37427
[13] - 0xD638CfBDfa405860937e6c63f2f5Fc36C13dA63
[13] - 0x552a0C52822C349a9b3ec032258B5fA3f5Ce425
[13] - 0xE11602Ee288C8d7C7D8722f48953a7e598dFCE7
[13] - 0x5Cc5eAe02533Fe7c74C768B0dBFa733386DCC62
[13] - 0xaD5805f7a9Cf6FcC65c51f6ac2D1AE3E84dC2F6
[13] - 0x12c1140544eA9BbB2aAe4Df8B18dd5924eE4466
[13] - 0x97b6cfab281d7bdbB1d4b9aFc1A7600bCb3301E
[13] - 0x4F7e2312aaF7d04EF000683DCdCe4c7cb1f2E28
[13] - 0xc227765e4d22c32e8878CcB6A3ba431af87E71e
[13] - 0xca06fBDE588a97C4E16A844494D387087337147
[13] - 0xeD1F0B1271688F158aBC4E21884f1CA49495cee
[13] - 0xdC084a84944939e25Dc0b13F3eaAe0726921B2D
[13] - 0xa02Cb68A19d05A09e088402B208B2aabCD0fcF8
[13] - 0x3aAAE5C3c0f1F3b239cb6a5F02e105674De13bB
[13] - 0xdeDc2e59fab82F33841D76f40C909188Eb66C46
[13] - 0x25d307AFc89916D0F308994d3313012b23A46aa
[13] - 0x98E83F2934683Ad91047dEb4914814d321EFb5B
[13] - 0xeEE78d3d70777165d9DD20A19F6E347960247c4
[13] - 0x2c445c81201c7fdd2bc596a5c74a4aab7a3dd3c
[13] - 0x164b252a75AE99Cc172a2863e23790d68D8D58D
[13] - 0x660bf5B9a65b1EE8320d3212780A438eb1dfDAe
[13] - 0x260adb3Ed6b8eAdA458828Ed4DEAa6BC6C98243
[-1] - 
[13] - 0x232AAEe8F202A48EAC9c8F2f04074DF8dd2f5F7
[13] - 0x16a415883c25A4BbB4d3289e1dBBEc3767ef656
[13] - 0x108757A6271cf89e93fA7c29D019c6B7aAeFc2F
[13] - 0xbe84959b5bfF8d2C3BFEEff94000eBB0C7Ee2BD
[13] - 0xa78990ebb24BaAB75302546A910d1331127A9D4
[21] - 0x0BBd1291bAaF298f9f1C041F96509C23ced2bF4
[13] - 0xF34F9aD0E8C4eb9Ca8143d4925542aBC2C0707E
[13] - 0x0679F54b44c0DC037b996bFf72C6862554C595f
[13] - 0x15CD1328b9fE4c05a9C668c2FF68A0D5A5D308E
[13] - 0x57b23B3E06cCdd8b0e592749860450feFdD5708
[13] - 0x3c7f381E8C48E6b526a2D981a10761b4F62C891
[13] - 0x68A1212E4FD8185800E3E5AEC2C5194Dd702631
[13] - 0x01dfCf251789d59592D75387B73cf9165cb0337
[13] - 0x90FF3ACa423150Fc69703A6d8320e93A6624c74
[13] - 0xB16719bc309CBEDDD638dc01BbF22dAe9BE38d2
[13] - 0xfc3b4b49e61469fb434a695dc2ee03eed6eb841
[13] - 0x6f71c8c2312d8c6E2d006b83beAb4042dABF1e4
[13] - 0x33c0AED5C0248De7E2810685298a74F47E52b50
[13] - 0xF2A6b21737586a55659879136E2dDf69064E50F
[13] - 0x095a7599EDDA32670b3d50d4dEeCc8FcC8cBd50
[13] - 0x6927a0d2A5e1cE3e5046A3D1D1B4Dab7CBE7f41
[13] - 0xe391d116687F5848Fa8A81A2A7670518FD7Ca72
[13] - 0x70fB53335d16Af47580d858369c2d897502Ed9B
[13] - 0x96D67949Df8430d719529442269A21DF6700E5B
[13] - 0x6F7C1E93082d3f698a696E48D8284E15bebAc19
[13] - 0x755cac5Fd538339a82e9AEa4a3eA219E7914914
[13] - 0x03eeaB6543523FEF454d761484852252FAc406A
[13] - 0xA0018220E2Ead2640AD776c4F7fD84e5c65A26f
[13] - 0x031eb7A5DAd63990a5cd7Ea9d116Af8B5b7213f
[13] - 0x2F10B664465a0C85391FD4c9eb73707daE28b52
[13] - 0x7AE2db1C5955977bF3312CAd5854E6a8e8ecE42
[28] - 0x3c1d57238FB725D718CE35412d002c51D5bB599
[13] - 0x68bd8Af5918E4bF157eb114080542C7593E7Be6
[13] - 0x85B369Cb1D922BE143cEf31Bf95C264a063594c
[13] - 0xE2f0c2BE80F949FdBF2268D413f7A5bf0076c79
[13] - 0xAb785123bbb42e2f33350D2bDA74916CBA4eDC3
[13] - 0x0adbF3d3eb9d706d871266997E49e301c393344
[13] - 0x92f65cb06dbd9Bb9c77DBd68CC5D09C202739be
[13] - 0xb902ECdF2eB45c9d2C518F447097BeE83D4370a
[13] - 0xDAD4228B112B606C4065B33728393edBe342F91
[13] - 0x07bf845b30e683DB8B0c6DD1B401f0110BB4d47
[13] - 0xfeAA915e3CAf97809EC88334374fF0FEd89E8cF
[13] - 0x97334d2f82aEb46B26efe11205254506a3ffF3f
[13] - 0x60502B5a7E705fb339e0A7a210c869C31A48362
[13] - 0xe52c3390E37f9E6692E3EeA98D088787775f06D
[13] - 0xA2FF100bfDa6A668DDBAc5e546012487C247161
[13] - 0x2cB150d4306c2231c212ee13a552029f5472788
[30] - 0x89a55D60956A071a58C27fB6376fEcB19ecf197
[13] - 0x6A2656B0e81a8A31Abbc031A9c85C7e2E1D18ba
[109] - 0x23bcF3F517930f104aA87Ae80c976f3c07CBA88
[13] - 0xc4F0EBA17fC7C338F0E90456E9E336C52b7eF05
[24] - 0xbe84959b5bfF8d2C3BFEEff94000eBB0C7Ee2BD
[13] - 0xD0afC371FE9802D9Cfdbe96144942D6291B54ba
[13] - 0xB6c6F4e0A1D28C1F21D4f0207FA01eD9f7124A5
[13] - 0xDE01a1Fb59FA488112A471AEC488DD89E18950A
[13] - 0x6453DBB7148d30a517E2E16AE5b11B3b7d2cEC2
[13] - 0xd3B08e62CeBd2e70699304F08b90FBBfe66650D
[19] - 0xae71d4CE5ff5974B21a2503D14b1E7b4eAC2ba4
[13] - 0xe6aC34094F5cEc9F7968e2F92aab8e4E3b4Ce39
[13] - 0x37F47C6c6DE2d277CeE6D68E8cE6a80992E840B
[13] - 0x460c051F36dAceD22527dA6ce3dD1c1BbaCC56b
[13] - 0xDC1Acb3E4a6Af0Eb6fB102D98294d1692F89839
[13] - 0xcc9021346C8cD73bf792Cd99625371b28030acE
[13] - 0x41AF79b488364c03BF9649dEb02e19d33955dcc
[16] - 0x670061cCC58AB110F3F0b8D8dd682084171d5F6
[13] - 0xf972B628cB66bA4190d2D27ca7B392809A467FB
[13] - 0xb53781831B387dcf8B0b77d918F60f822A82Cf6
[13] - 0x0Bbd3c706bd4279c852c68E49325C6df76E2C03
[13] - 0xCaEEd0EDEc8EB311C423Ea5c0d2fa68Bb2C497c
[13] - 0xcc65a315e36e142f14e6f2e11dd26c72a84a39e
[13] - 0x836617583972835A11a515c8d51a4163f1AD1A4
[13] - 0x3BA9948ef3C5cE2ab53d7389bdC59f09818b855
[13] - 0x11912407Be26C0c37b4b2434282029a51440fEA
[13] - 0x6Dbb99FeF998B1eEeA3fB440572084bC5b5B598
[13] - 0x9b7437FD97B1EaE0457c3e77b6d3DC03717056C
[13] - 0xC9CAFDa28719Dfcb744dD96b1E68dc491d8B2d3
[13] - 0xEde17946811534CaA3A8e06a8F9a3D5418c9f08
[13] - 0x4b05a0839Ed30eFB66A4C516903E2D95F601a59
[13] - 0xF46D9287207fCE4DC6cBd530905307840F01e51
[13] - 0xF42db5559159e96e8B503EE6fFa8Bf43e5D7d7A
[13] - 0x822c561cF0963c538Ed87E4C68Ee9f5c6202077
[13] - 0xF40E6ef9Cfb2135f9DC3788AaAd1e4e008bA776
[54] - 0x2799FC1D243d0Be7E1b553607c071f140164a77
[13] - 0x3656A13106004F502e29120e3badCF5A7b0DEA8
[-1] - H
[13] - 0xBaB8c6D86476615D6FF2D7d893AE401B773FF1A
[13] - 0x6Bc63E13C4d9462b4a9aEA2E111944a460Ab08B
[13] - 0xBEB99bbC15DF202f67aB19eC194413165a80c33
[13] - 0xC12B8c84A743CE2C92ca1E331Ae060a202C3BB1
[13] - 0x64a33542Caff653427EFE5796028c157Ba3E45f
[13] - 0x1Fcdb5A21145479b2F67c5e1F001Aa8949b341D
[13] - 0xdDAb0F77a888c97fE8c4297c5dC00c35F41ea7f
[13] - 0x04cA445b6F073F4B7092686fC9BF23713Fd79f2
[30] - 0xf3E9E8AC3f9E1E73E4E419aE9d68C70De41689a
[13] - 0xc3C3E494DCC65535feae7027dAC91AE5041333E
[13] - 0xD449ff0Bea8E3DB63B0c65561171B8279d71b05
[13] - 0x195598D152C9Dd2BA40F93B5a2DFb6df5074E1C
[13] - 0xCCd21083C2ab0Cdd629DEa8782c2b6Bd58c1145
[13] - 0x8085673dbeBb2AF2bf1764E0C2C2ec492c82000
[-1] - 
[13] - 0xb18ac8aE07Fb2E726E24Ab62aaCeDC4961Ff20e
[13] - 0x9f374cD11A03d40F4741438D2c73E080d30179C
[13] - 0x5684bF26a0e0480d03c209C9Da3cD8Bf9E9fd6d
[13] - 0x68292972678ee242faa6995055112be75e54424
[13] - 0x59fCC241D34E3d3f6C60953f1eC44Ff9194C51D
[13] - 0xc67EeF4f84dA197A082EFa06f2Cb1F5E9B9F03B
[23] - 0xD56181DfA8C833fDb4c545301154DEe70d78365
[13] - 0xcd73Fbd3eeB2116265842972e6a31362deC69bf

[44] - 0x8553E24b9eb99c21Ea96A3E167CF4B8c75fb345
[13] - 0xeC5fb3c486DE0Dab232CF805899Fdeb8DA92Df9
[13] - 0x359508e861dBA02019ed66faBb9cc8583575eB4
[13] - 0x52B45E275473C27C243b0528B73BE3e0F5B37fb
[13] - 0xe1B177585ec2c618110559768CeB9e3213ad8ab
[13] - 0x9F2923e5599e61Ce5302acBD1CE6A488A122a51
[13] - 0x4fC958D660a66475209C59299d59F2743071a33
[13] - 0xd3D1881a30Bf30f5bB4a3fB9BC57FfbB03721E9
[13] - 0xD7b3C018ff3b589748D95128cfb0701a145A35c
[13] - 0xdC192F63e20bE1E019bc87f8bDf36fC0a3d433f
[13] - 0xC879778eD9B3cDe05e34A02620545E4f34c689A
[13] - 0xDC83666bAbA9a5cE7967a05E06c159C94afEAd4
[13] - 0x4ee71195068345B5135758D5243BFaF066B4F4b
[33] - 0x774783e676a0cBae3F482Ec53E4e63c7aC153A0
[13] - 0x77852A80238D466bD5f0dF8020F45f65eE510dD
[13] - 0x8d1af45C01F06AfCad58ec9542875A887Ab9b52
[13] - 0xe5f097F5b1E292EB8DE5CD27343283e75b3A85E
[13] - 0xBa90EcA1b18dD1b2c15F0AEdAf8C897FFEf049c
[13] - 0x1a2bCbc70c42f390f492d33E206D4317DF5A60F
[13] - 0xF67bFE936d5B778Aaf8305Cccd6C3C0459d3c95
[13] - 0xd7371a7D009Cd3EF3648ec3220E5B06E093dC1e
[13] - 0xad1E805A87B6497933920F0b229DA42A867bAcc
[13] - 0xe2283E52C51B5F38f4079c0075726c76438f722
[13] - 0xB56054a526343F841a14d6Bb5D539799fb671d3
[13] - 0xC2185855D627c433c99cd77f34c5a6DDdc26959
[13] - 0x3AA5C8c3065638a4D5353cd453B7495aC54a2C6
[13] - 0xC3bf4aa63f2862A06D90987CC716B1000D013A5
[13] - 0x71fc301BD42723b8Cc9Ef6af3041047Fbf405AC
[41] - 0xfE88d03640FBA9C332FA56243De1c9Efbea6a25
[13] - 0x7F8C8bf01B2635c036E37b7CE4F4451C7715482
[13] - 0xA86c168AaD27384c6A0d7b9f7aA99E71E280285
[13] - 0x238a579375fcB9030f239326421A35e8ddED30c
[13] - 0x70280E72695c9cf443644f0e0E388dcE1C4EE6b
[13] - 0x602739F0DED67D506cE857b387d0f31a9612387
[13] - 0xED5CE196FD229469D17C6e4008a4D0BA50b9Ccf
[13] - 0x3525bAAD932C1E522D28543fc67F8713529B35D
[13] - 0x6D4c69204a7C3c7fdDa5639C5DEF425b1277013
[13] - 0x4CFB98c4740fcA4286440e3C2A2604e85BF6A06
[13] - 0xe5e1772e765A3e51e5CaB88e8EFe11D42dc7599
[13] - 0xa15dbafB261AC1BD5C5184954AA8Ca385FC0Dea
[13] - 0xf1915e5ea48eFc7141F76c3B626BF568D3D2AFA
[13] - 0xA9605b7A345ff2caf847b373DEF9be2E7Aa7e6D
[13] - 0xc9701bd135347fA67d73fd2CE5b5e7B2a655465
[13] - 0x660ef5d1CA7b4C645c21d7B8815879d5931657a
[13] - 0xdEDB74005cAa6F7a8D11B8E8Ad65d2Ce147C6BF
[13] - 0xd3095adA4F0e25E6cE41EEdd4F7ca2AE41C9a32
[13] - 0x61336aadf27C9875ca26378349b3FBC36CE8B34
[13] - 0xF9d44f9a06DdaBFf97793CB8B33f599B877677B
[13] - 0xf2833af2528333479Acb38292252E8839A96653
[13] - 0xe4382e6a19b7772620F92BFCEbA6E3AA5b2533a
[20] - 0xf097481bB8e8745a38868Ff50a638A1f85296c1
[13] - 0x496083f07EBBFc728f1317dEd34c0117D989972
[13] - 0x3a8DE146B10E6b44427b3055D9f2ac0483D7f6E
[13] - 0xeaC1576695040C0838dC5211CEbfC200E36817F
[49] - 0x71D3089Fd8a9A88F395253199412D85a582f057
[13] - 0x834c8227cE50b10383Fbe8418E34F29986C21f2
[13] - 0x210e9FD00AAca633D83e4312177B6aBF9F0B7eF
[13] - 0x48a526b3A8F05C2459641a386F451dC568ccc72
[13] - 0x5e19E8CE63cC2B49DD23AC727709E1F924358Ce
[13] - 0xF6945Eda4eE163B379C9cBaDc4B2D140A3e97cA
[13] - 0xC56b078C846aAc90891A5EFF0ae319f4813323B
[13] - 0x68Ded80B9b5577a18Ecc60216Bd943F99B7daF1
[13] - 0x03Be068D9eF76dC04847827623D0dcC99D616D1
[13] - 0x3030A1da015DF371295A7A9078baa8D7658cFEc
[13] - 0x9a6a9609674058f80da300ebe504283cb571826
[13] - 0xEc9E5A4E2cAab9e8E58f5688E4F5D40952738d2
[13] - 0x9b585BF2fD6969d9844844163f5B0D768B19775
[-1] - 
[13] - 0x34570A5C5060b78C544f4Bf9971d3D1Dfe79b6b
[13] - 0xc6dbf031790710e6d249121dc371d8575805515
[34] - 0x15d9026FDb0DFe684729370eaFF0A2f72Dc11a4
[13] - 0x477DbEC58BAd6f6318ca70AFF2d9953BA3b4dCb
[-1] - 
[13] - 0x9407576E646c9747F4092FD57E3f93Bd7779FA5
[13] - 0xf5aCB5253A0eB63E486ea306E51E8454fDf2691
[13] - 0xD1714E888C2b189b9bd6219936F5eab850f051b
[13] - 0xd17991443A3E31A1B2c674061Fb2a1C58Cb2452
[13] - 0xD363E1BB52cf591c3f5975Ac9225Eb59B934c59
[13] - 0x3E19069cCb91cE9b608051B3f7F502b9409E841
[13] - 0x70D95a4CFCa3088e5D0b2c31F2957a805E83057
[13] - 0x7c5Ef1d18e280C20E0e63A7e9434e4E248F13ed
[13] - 0x350eAFd1235514F6cB790ce646C16B364a48715
[-1] - 
[-1] - h
[13] - 0xDA556f7c448806D6D445547f5991C4c161D9a3c
[13] - 0xB202C431e3fBeBc9f5c2c7C38Dd8667320062f9
[13] - 0xd6E698A2BffaA79897e0B389fe77027006A125d
[13] - 0x15B8e1299b5Fbca74130e888C238aA9a2D2210B
[13] - 0x045cdee649d6e1f389bb9e08675ead66ad1ae05
[13] - 0x73c6B72Fe87D8C82a60cF773340daf7e24a5BDF
[13] - 0xd4a8306E5d5e1a7c7e24C170E0F127176966b9B
[13] - 0x7b9f807F23686E8d5f9fD951fEF545576932Fe4
[-1] - ?
[13] - 0xcc65a315e36e142f14e6f2e11dd26c72a84a39e
[25] - 0xa79AC070514EB2190Ad8C76C8dEa88f2A8Ccee3
[13] - 0xE12cfBceE77b6a4cE80a044e3C6C38B5BBbfEd4
[13] - 0xB3bddae243473Be1d4b320babd79eC9A03b3adE
[13] - 0xf9eDaB29a7eE9EB0e7844f1D0734193F8D1F322
[13] - 0x86e4329763DA7cD581363C8FfC71A64ED70404f
[89] - 0xE4a017c83F667cC6643bc8c8624Cb81Abb9A55c
[-1] - h
[13] - 0xa6a950B95Ccc16D6b80173dE79016915dd4aee6
[13] - 0xf9d28ef79c9d0bbced7237fc0389eed0e526a76
[13] - 0xc9150b01A27ec662d06Bfb79171CD4f387AC19F
[-1] - h
[26] - 0xe98bb28A3a9F3bE46595393CCfbAb7D9CEE98A3
[13] - 0x85cf4cCcFa0FA07aA11d0997dA1AdCad67300Eb
[13] - 0xD371b1Ca1918Dcf0655409a3D0c8dFd67F111Bb
[-1] - h
[13] - 0xC407e8De4A077AC0F05901F59C20c5a04c56419
[13] - 0x32C7ABd9395914211E7F6A822802970662c8318
[13] - 0x25b84d7eda7A21509c4Bee979D028Bbe5D0ba8d
[13] - 0x155416C2980165985EC7F8B3970d941fa72005a
[13] - 0xb866acdAE843Ab60FEB6DcA361750BB2213c5e5
[13] - 0x6c5549DC35B81103cBf915C5b3c291770413336
[13] - 0x426083a076C5e43ac6E3235E43228bb42362967
[77] - 0xFF56845474dffFbBCAfcba7B9a37F2FDF008b9d
[13] - 0xf34c07787A38Af23A2C76885F76874b9a380b8B
[13] - 0x65246C921885dF98b95e4E52a6635810Bc11aF9
[13] - 0x122B2B3b017774fbd342Ff4989Bcc59b4CEffE3
[49] - 0xB564a19Fca8862c179712F808Ed928B807c3534
[29] - 0x0E10c750bBA4E51fb01F3FF965B2DFC1675D230
[13] - 0x312026648c69DD893797fa0b2eC9f5a99f9332E
[13] - 0x1281750bF55B04bd088A2E348071dA3d5E8031f
[13] - 0x44f27C2e5E301Cf81bCB9AAeEe2309eF7aDa3f6
[13] - 0x2e11bD7572A135BADcb544da77078a098A5A567
[13] - 0x86CBe32aaFDAF2ed379B13e6c32eafa74D140ae
[13] - 0x8F7d18eb575EFd42c58e2409Ade0853d9b636cB
[13] - 0x10682d8627C7c95c3Bc6f03341F9a11f9d5b117
[13] - 0xa9EA7a50BFd7a254Bf92A7457fEbc935c5c61F9
[13] - 0x081B5F6f251b04a050382F2d3AF6F13e9596672
[13] - 0xc32B30fA902aeDAE9F9D21A1c711D24202AFA85
[13] - 0x3c9290e5985614Bc724ddc72011c54F4446b6Ef
[13] - 0xC6066f7320a3F1Dead8426D1EbAe88D697FfA32
[13] - 0x4b84012723fd252e840B1bdd490a67606A6998e
[13] - 0xC8d78BaA93fF8d4Fdd960f13f350b9c5b072818
[13] - 0x0A4C640876DF8d748176CD224Aa68c3182597f6
[13] - 0x0CeB1555aa9E3A920C30a0BdB0CB74a56c0086A
[13] - 0xBe37629354A35ECa43A8c7F719D2E9603F77082
[13] - 0x88b155b8716D0AEEF5C82110788776225792052
[25] - 0x6ACf8e5BDa29f4d341a4FAf61A65E83FEdA7Dd1
[13] - 0xcC6628Dac82e1E5Cad8eC4fd258877AF38eee42
[13] - 0x8863CdF7262DF190DE7504e3FF65eD11bD37427
[13] - 0xD638CfBDfa405860937e6c63f2f5Fc36C13dA63
[13] - 0x552a0C52822C349a9b3ec032258B5fA3f5Ce425
[13] - 0xE11602Ee288C8d7C7D8722f48953a7e598dFCE7
[13] - 0x5Cc5eAe02533Fe7c74C768B0dBFa733386DCC62
[13] - 0xaD5805f7a9Cf6FcC65c51f6ac2D1AE3E84dC2F6
[13] - 0x12c1140544eA9BbB2aAe4Df8B18dd5924eE4466
[13] - 0x97b6cfab281d7bdbB1d4b9aFc1A7600bCb3301E
[13] - 0x4F7e2312aaF7d04EF000683DCdCe4c7cb1f2E28
[13] - 0xc227765e4d22c32e8878CcB6A3ba431af87E71e
[13] - 0xca06fBDE588a97C4E16A844494D387087337147
[13] - 0xeD1F0B1271688F158aBC4E21884f1CA49495cee
[13] - 0xdC084a84944939e25Dc0b13F3eaAe0726921B2D
[13] - 0xa02Cb68A19d05A09e088402B208B2aabCD0fcF8
[13] - 0x3aAAE5C3c0f1F3b239cb6a5F02e105674De13bB
[13] - 0xdeDc2e59fab82F33841D76f40C909188Eb66C46
[13] - 0x25d307AFc89916D0F308994d3313012b23A46aa
[13] - 0x98E83F2934683Ad91047dEb4914814d321EFb5B
[13] - 0xeEE78d3d70777165d9DD20A19F6E347960247c4
[13] - 0x2c445c81201c7fdd2bc596a5c74a4aab7a3dd3c
[13] - 0x164b252a75AE99Cc172a2863e23790d68D8D58D
[13] - 0x660bf5B9a65b1EE8320d3212780A438eb1dfDAe
[13] - 0x260adb3Ed6b8eAdA458828Ed4DEAa6BC6C98243
[-1] - 
[13] - 0x232AAEe8F202A48EAC9c8F2f04074DF8dd2f5F7
[13] - 0x16a415883c25A4BbB4d3289e1dBBEc3767ef656
[13] - 0x108757A6271cf89e93fA7c29D019c6B7aAeFc2F
[13] - 0xbe84959b5bfF8d2C3BFEEff94000eBB0C7Ee2BD
[13] - 0xa78990ebb24BaAB75302546A910d1331127A9D4
[21] - 0x0BBd1291bAaF298f9f1C041F96509C23ced2bF4
[13] - 0xF34F9aD0E8C4eb9Ca8143d4925542aBC2C0707E
[13] - 0x0679F54b44c0DC037b996bFf72C6862554C595f
[13] - 0x15CD1328b9fE4c05a9C668c2FF68A0D5A5D308E
[13] - 0x57b23B3E06cCdd8b0e592749860450feFdD5708
[13] - 0x3c7f381E8C48E6b526a2D981a10761b4F62C891
[13] - 0x68A1212E4FD8185800E3E5AEC2C5194Dd702631
[13] - 0x01dfCf251789d59592D75387B73cf9165cb0337
[13] - 0x90FF3ACa423150Fc69703A6d8320e93A6624c74
[13] - 0xB16719bc309CBEDDD638dc01BbF22dAe9BE38d2
[13] - 0xfc3b4b49e61469fb434a695dc2ee03eed6eb841
[13] - 0x6f71c8c2312d8c6E2d006b83beAb4042dABF1e4
[13] - 0x33c0AED5C0248De7E2810685298a74F47E52b50
[13] - 0xF2A6b21737586a55659879136E2dDf69064E50F
[13] - 0x095a7599EDDA32670b3d50d4dEeCc8FcC8cBd50
[13] - 0x6927a0d2A5e1cE3e5046A3D1D1B4Dab7CBE7f41
[13] - 0xe391d116687F5848Fa8A81A2A7670518FD7Ca72
[13] - 0x70fB53335d16Af47580d858369c2d897502Ed9B
[13] - 0x96D67949Df8430d719529442269A21DF6700E5B
[13] - 0x6F7C1E93082d3f698a696E48D8284E15bebAc19
[13] - 0x755cac5Fd538339a82e9AEa4a3eA219E7914914
[13] - 0x03eeaB6543523FEF454d761484852252FAc406A
[13] - 0xA0018220E2Ead2640AD776c4F7fD84e5c65A26f
[13] - 0x031eb7A5DAd63990a5cd7Ea9d116Af8B5b7213f
[13] - 0x2F10B664465a0C85391FD4c9eb73707daE28b52
[13] - 0x7AE2db1C5955977bF3312CAd5854E6a8e8ecE42
[28] - 0x3c1d57238FB725D718CE35412d002c51D5bB599
[13] - 0x68bd8Af5918E4bF157eb114080542C7593E7Be6
[13] - 0x85B369Cb1D922BE143cEf31Bf95C264a063594c
[13] - 0xE2f0c2BE80F949FdBF2268D413f7A5bf0076c79
[13] - 0xAb785123bbb42e2f33350D2bDA74916CBA4eDC3
[13] - 0x0adbF3d3eb9d706d871266997E49e301c393344
[13] - 0x92f65cb06dbd9Bb9c77DBd68CC5D09C202739be
[13] - 0xb902ECdF2eB45c9d2C518F447097BeE83D4370a
[13] - 0xDAD4228B112B606C4065B33728393edBe342F91
[13] - 0x07bf845b30e683DB8B0c6DD1B401f0110BB4d47
[13] - 0xfeAA915e3CAf97809EC88334374fF0FEd89E8cF
[13] - 0x97334d2f82aEb46B26efe11205254506a3ffF3f
[13] - 0x60502B5a7E705fb339e0A7a210c869C31A48362
[13] - 0xe52c3390E37f9E6692E3EeA98D088787775f06D
[13] - 0xA2FF100bfDa6A668DDBAc5e546012487C247161
[13] - 0x2cB150d4306c2231c212ee13a552029f5472788
[30] - 0x89a55D60956A071a58C27fB6376fEcB19ecf197
[13] - 0x6A2656B0e81a8A31Abbc031A9c85C7e2E1D18ba
[109] - 0x23bcF3F517930f104aA87Ae80c976f3c07CBA88
[13] - 0xc4F0EBA17fC7C338F0E90456E9E336C52b7eF05
[24] - 0xbe84959b5bfF8d2C3BFEEff94000eBB0C7Ee2BD
[13] - 0xD0afC371FE9802D9Cfdbe96144942D6291B54ba
[13] - 0xB6c6F4e0A1D28C1F21D4f0207FA01eD9f7124A5
[13] - 0xDE01a1Fb59FA488112A471AEC488DD89E18950A
[13] - 0x6453DBB7148d30a517E2E16AE5b11B3b7d2cEC2
[13] - 0xd3B08e62CeBd2e70699304F08b90FBBfe66650D
[19] - 0xae71d4CE5ff5974B21a2503D14b1E7b4eAC2ba4
[13] - 0xe6aC34094F5cEc9F7968e2F92aab8e4E3b4Ce39
[13] - 0x37F47C6c6DE2d277CeE6D68E8cE6a80992E840B
[13] - 0x460c051F36dAceD22527dA6ce3dD1c1BbaCC56b
[13] - 0xDC1Acb3E4a6Af0Eb6fB102D98294d1692F89839
[13] - 0xcc9021346C8cD73bf792Cd99625371b28030acE
[13] - 0x41AF79b488364c03BF9649dEb02e19d33955dcc
[16] - 0x670061cCC58AB110F3F0b8D8dd682084171d5F6
[13] - 0xf972B628cB66bA4190d2D27ca7B392809A467FB
[13] - 0xb53781831B387dcf8B0b77d918F60f822A82Cf6
[13] - 0x0Bbd3c706bd4279c852c68E49325C6df76E2C03
[13] - 0xCaEEd0EDEc8EB311C423Ea5c0d2fa68Bb2C497c
[13] - 0xcc65a315e36e142f14e6f2e11dd26c72a84a39e
[13] - 0x836617583972835A11a515c8d51a4163f1AD1A4
[13] - 0x3BA9948ef3C5cE2ab53d7389bdC59f09818b855
[13] - 0x11912407Be26C0c37b4b2434282029a51440fEA
[13] - 0x6Dbb99FeF998B1eEeA3fB440572084bC5b5B598
[13] - 0x9b7437FD97B1EaE0457c3e77b6d3DC03717056C
[13] - 0xC9CAFDa28719Dfcb744dD96b1E68dc491d8B2d3
[13] - 0xEde17946811534CaA3A8e06a8F9a3D5418c9f08
[13] - 0x4b05a0839Ed30eFB66A4C516903E2D95F601a59
[13] - 0xF46D9287207fCE4DC6cBd530905307840F01e51
[13] - 0xF42db5559159e96e8B503EE6fFa8Bf43e5D7d7A
[13] - 0x822c561cF0963c538Ed87E4C68Ee9f5c6202077
[13] - 0xF40E6ef9Cfb2135f9DC3788AaAd1e4e008bA776
[54] - 0x2799FC1D243d0Be7E1b553607c071f140164a77
[13] - 0x3656A13106004F502e29120e3badCF5A7b0DEA8
[-1] - H
[13] - 0xBaB8c6D86476615D6FF2D7d893AE401B773FF1A
[13] - 0x6Bc63E13C4d9462b4a9aEA2E111944a460Ab08B
[13] - 0xBEB99bbC15DF202f67aB19eC194413165a80c33
[13] - 0xC12B8c84A743CE2C92ca1E331Ae060a202C3BB1
[13] - 0x64a33542Caff653427EFE5796028c157Ba3E45f
[13] - 0x1Fcdb5A21145479b2F67c5e1F001Aa8949b341D
[13] - 0xdDAb0F77a888c97fE8c4297c5dC00c35F41ea7f
[13] - 0x04cA445b6F073F4B7092686fC9BF23713Fd79f2
[30] - 0xf3E9E8AC3f9E1E73E4E419aE9d68C70De41689a
[13] - 0xc3C3E494DCC65535feae7027dAC91AE5041333E
[13] - 0xD449ff0Bea8E3DB63B0c65561171B8279d71b05
[13] - 0x195598D152C9Dd2BA40F93B5a2DFb6df5074E1C
[13] - 0xCCd21083C2ab0Cdd629DEa8782c2b6Bd58c1145
[13] - 0x8085673dbeBb2AF2bf1764E0C2C2ec492c82000
[-1] - 
[13] - 0xb18ac8aE07Fb2E726E24Ab62aaCeDC4961Ff20e
[13] - 0x9f374cD11A03d40F4741438D2c73E080d30179C
[13] - 0x5684bF26a0e0480d03c209C9Da3cD8Bf9E9fd6d
[13] - 0x68292972678ee242faa6995055112be75e54424
[13] - 0x59fCC241D34E3d3f6C60953f1eC44Ff9194C51D
[13] - 0xc67EeF4f84dA197A082EFa06f2Cb1F5E9B9F03B
[23] - 0xD56181DfA8C833fDb4c545301154DEe70d78365
[13] - 0xcd73Fbd3eeB2116265842972e6a31362deC69bf

[44] - 0x8553E24b9eb99c21Ea96A3E167CF4B8c75fb345
[13] - 0xeC5fb3c486DE0Dab232CF805899Fdeb8DA92Df9
[13] - 0x359508e861dBA02019ed66faBb9cc8583575eB4
[13] - 0x52B45E275473C27C243b0528B73BE3e0F5B37fb
[13] - 0xe1B177585ec2c618110559768CeB9e3213ad8ab
[13] - 0x9F2923e5599e61Ce5302acBD1CE6A488A122a51
[13] - 0x4fC958D660a66475209C59299d59F2743071a33
[13] - 0xd3D1881a30Bf30f5bB4a3fB9BC57FfbB03721E9
[13] - 0xD7b3C018ff3b589748D95128cfb0701a145A35c
[13] - 0xdC192F63e20bE1E019bc87f8bDf36fC0a3d433f
[13] - 0xC879778eD9B3cDe05e34A02620545E4f34c689A
[13] - 0xDC83666bAbA9a5cE7967a05E06c159C94afEAd4
[13] - 0x4ee71195068345B5135758D5243BFaF066B4F4b
[33] - 0x774783e676a0cBae3F482Ec53E4e63c7aC153A0
[13] - 0x77852A80238D466bD5f0dF8020F45f65eE510dD
[13] - 0x8d1af45C01F06AfCad58ec9542875A887Ab9b52
[13] - 0xe5f097F5b1E292EB8DE5CD27343283e75b3A85E
[13] - 0xBa90EcA1b18dD1b2c15F0AEdAf8C897FFEf049c
[13] - 0x1a2bCbc70c42f390f492d33E206D4317DF5A60F
[13] - 0xF67bFE936d5B778Aaf8305Cccd6C3C0459d3c95
[13] - 0xd7371a7D009Cd3EF3648ec3220E5B06E093dC1e
[13] - 0xad1E805A87B6497933920F0b229DA42A867bAcc
[13] - 0xe2283E52C51B5F38f4079c0075726c76438f722
[13] - 0xB56054a526343F841a14d6Bb5D539799fb671d3
[13] - 0xC2185855D627c433c99cd77f34c5a6DDdc26959
[13] - 0x3AA5C8c3065638a4D5353cd453B7495aC54a2C6
[13] - 0xC3bf4aa63f2862A06D90987CC716B1000D013A5
[13] - 0x71fc301BD42723b8Cc9Ef6af3041047Fbf405AC
[41] - 0xfE88d03640FBA9C332FA56243De1c9Efbea6a25
[13] - 0x7F8C8bf01B2635c036E37b7CE4F4451C7715482
[13] - 0xA86c168AaD27384c6A0d7b9f7aA99E71E280285
[13] - 0x238a579375fcB9030f239326421A35e8ddED30c
[13] - 0x70280E72695c9cf443644f0e0E388dcE1C4EE6b
[13] - 0x602739F0DED67D506cE857b387d0f31a9612387
[13] - 0xED5CE196FD229469D17C6e4008a4D0BA50b9Ccf
[13] - 0x3525bAAD932C1E522D28543fc67F8713529B35D
[13] - 0x6D4c69204a7C3c7fdDa5639C5DEF425b1277013
[13] - 0x4CFB98c4740fcA4286440e3C2A2604e85BF6A06
[13] - 0xe5e1772e765A3e51e5CaB88e8EFe11D42dc7599
[13] - 0xa15dbafB261AC1BD5C5184954AA8Ca385FC0Dea
[13] - 0xf1915e5ea48eFc7141F76c3B626BF568D3D2AFA
[13] - 0xA9605b7A345ff2caf847b373DEF9be2E7Aa7e6D
[13] - 0xc9701bd135347fA67d73fd2CE5b5e7B2a655465
[13] - 0x660ef5d1CA7b4C645c21d7B8815879d5931657a
[13] - 0xdEDB74005cAa6F7a8D11B8E8Ad65d2Ce147C6BF
[13] - 0xd3095adA4F0e25E6cE41EEdd4F7ca2AE41C9a32
[13] - 0x61336aadf27C9875ca26378349b3FBC36CE8B34
[13] - 0xF9d44f9a06DdaBFf97793CB8B33f599B877677B
[13] - 0xf2833af2528333479Acb38292252E8839A96653
[13] - 0xe4382e6a19b7772620F92BFCEbA6E3AA5b2533a
[20] - 0xf097481bB8e8745a38868Ff50a638A1f85296c1
[13] - 0x496083f07EBBFc728f1317dEd34c0117D989972
[13] - 0x3a8DE146B10E6b44427b3055D9f2ac0483D7f6E
[13] - 0xeaC1576695040C0838dC5211CEbfC200E36817F
[49] - 0x71D3089Fd8a9A88F395253199412D85a582f057
[13] - 0x834c8227cE50b10383Fbe8418E34F29986C21f2
[13] - 0x210e9FD00AAca633D83e4312177B6aBF9F0B7eF
[13] - 0x48a526b3A8F05C2459641a386F451dC568ccc72
[13] - 0x5e19E8CE63cC2B49DD23AC727709E1F924358Ce
[13] - 0xF6945Eda4eE163B379C9cBaDc4B2D140A3e97cA
[13] - 0xC56b078C846aAc90891A5EFF0ae319f4813323B
[13] - 0x68Ded80B9b5577a18Ecc60216Bd943F99B7daF1
[13] - 0x03Be068D9eF76dC04847827623D0dcC99D616D1
[13] - 0x3030A1da015DF371295A7A9078baa8D7658cFEc
[13] - 0x9a6a9609674058f80da300ebe504283cb571826
[13] - 0xEc9E5A4E2cAab9e8E58f5688E4F5D40952738d2
[13] - 0x9b585BF2fD6969d9844844163f5B0D768B19775
[-1] - 
[13] - 0x34570A5C5060b78C544f4Bf9971d3D1Dfe79b6b
[13] - 0xc6dbf031790710e6d249121dc371d8575805515
[34] - 0x15d9026FDb0DFe684729370eaFF0A2f72Dc11a4
[13] - 0x477DbEC58BAd6f6318ca70AFF2d9953BA3b4dCb
[-1] - 
[13] - 0x9407576E646c9747F4092FD57E3f93Bd7779FA5
[13] - 0xf5aCB5253A0eB63E486ea306E51E8454fDf2691
[13] - 0xD1714E888C2b189b9bd6219936F5eab850f051b
[13] - 0xd17991443A3E31A1B2c674061Fb2a1C58Cb2452
[13] - 0xD363E1BB52cf591c3f5975Ac9225Eb59B934c59
[13] - 0x3E19069cCb91cE9b608051B3f7F502b9409E841
[13] - 0x70D95a4CFCa3088e5D0b2c31F2957a805E83057
[13] - 0x7c5Ef1d18e280C20E0e63A7e9434e4E248F13ed
[13] - 0x350eAFd1235514F6cB790ce646C16B364a48715
[-1] - 
[-1] - h
[13] - 0xDA556f7c448806D6D445547f5991C4c161D9a3c
[13] - 0xB202C431e3fBeBc9f5c2c7C38Dd8667320062f9
[13] - 0xd6E698A2BffaA79897e0B389fe77027006A125d
[13] - 0x15B8e1299b5Fbca74130e888C238aA9a2D2210B
[13] - 0x045cdee649d6e1f389bb9e08675ead66ad1ae05
[13] - 0x73c6B72Fe87D8C82a60cF773340daf7e24a5BDF
[13] - 0xd4a8306E5d5e1a7c7e24C170E0F127176966b9B
[13] - 0x7b9f807F23686E8d5f9fD951fEF545576932Fe4
[13] - 0xcc65a315e36e142f14e6f2e11dd26c72a84a39e
[25] - 0xa79AC070514EB2190Ad8C76C8dEa88f2A8Ccee3
[13] - 0xE12cfBceE77b6a4cE80a044e3C6C38B5BBbfEd4
[13] - 0xB3bddae243473Be1d4b320babd79eC9A03b3adE
[13] - 0xf9eDaB29a7eE9EB0e7844f1D0734193F8D1F322
[13] - 0x86e4329763DA7cD581363C8FfC71A64ED70404f
[89] - 0xE4a017c83F667cC6643bc8c8624Cb81Abb9A55c
[13] - 0xa6a950B95Ccc16D6b80173dE79016915dd4aee6
[13] - 0xf9d28ef79c9d0bbced7237fc0389eed0e526a76
[13] - 0xc9150b01A27ec662d06Bfb79171CD4f387AC19F
[26] - 0xe98bb28A3a9F3bE46595393CCfbAb7D9CEE98A3
[13] - 0x85cf4cCcFa0FA07aA11d0997dA1AdCad67300Eb
[13] - 0xD371b1Ca1918Dcf0655409a3D0c8dFd67F111Bb
[13] - 0xC407e8De4A077AC0F05901F59C20c5a04c56419
[13] - 0x32C7ABd9395914211E7F6A822802970662c8318
[13] - 0x25b84d7eda7A21509c4Bee979D028Bbe5D0ba8d
[13] - 0x155416C2980165985EC7F8B3970d941fa72005a
[13] - 0xb866acdAE843Ab60FEB6DcA361750BB2213c5e5
[13] - 0x6c5549DC35B81103cBf915C5b3c291770413336
[13] - 0x426083a076C5e43ac6E3235E43228bb42362967
[77] - 0xFF56845474dffFbBCAfcba7B9a37F2FDF008b9d
[13] - 0xf34c07787A38Af23A2C76885F76874b9a380b8B
[13] - 0x65246C921885dF98b95e4E52a6635810Bc11aF9
[13] - 0x122B2B3b017774fbd342Ff4989Bcc59b4CEffE3
[49] - 0xB564a19Fca8862c179712F808Ed928B807c3534
[29] - 0x0E10c750bBA4E51fb01F3FF965B2DFC1675D230
[13] - 0x312026648c69DD893797fa0b2eC9f5a99f9332E
[13] - 0x1281750bF55B04bd088A2E348071dA3d5E8031f
[13] - 0x44f27C2e5E301Cf81bCB9AAeEe2309eF7aDa3f6
[13] - 0x2e11bD7572A135BADcb544da77078a098A5A567
[13] - 0x86CBe32aaFDAF2ed379B13e6c32eafa74D140ae
[13] - 0x8F7d18eb575EFd42c58e2409Ade0853d9b636cB
[13] - 0x10682d8627C7c95c3Bc6f03341F9a11f9d5b117
[13] - 0xa9EA7a50BFd7a254Bf92A7457fEbc935c5c61F9
[13] - 0x081B5F6f251b04a050382F2d3AF6F13e9596672
[13] - 0xc32B30fA902aeDAE9F9D21A1c711D24202AFA85
[13] - 0x3c9290e5985614Bc724ddc72011c54F4446b6Ef
[13] - 0xC6066f7320a3F1Dead8426D1EbAe88D697FfA32
[13] - 0x4b84012723fd252e840B1bdd490a67606A6998e
[13] - 0xC8d78BaA93fF8d4Fdd960f13f350b9c5b072818
[13] - 0x0A4C640876DF8d748176CD224Aa68c3182597f6
[13] - 0x0CeB1555aa9E3A920C30a0BdB0CB74a56c0086A
[13] - 0xBe37629354A35ECa43A8c7F719D2E9603F77082
[13] - 0x88b155b8716D0AEEF5C82110788776225792052
[25] - 0x6ACf8e5BDa29f4d341a4FAf61A65E83FEdA7Dd1
[13] - 0xcC6628Dac82e1E5Cad8eC4fd258877AF38eee42
[13] - 0x8863CdF7262DF190DE7504e3FF65eD11bD37427
[13] - 0xD638CfBDfa405860937e6c63f2f5Fc36C13dA63
[13] - 0x552a0C52822C349a9b3ec032258B5fA3f5Ce425
[13] - 0xE11602Ee288C8d7C7D8722f48953a7e598dFCE7
[13] - 0x5Cc5eAe02533Fe7c74C768B0dBFa733386DCC62
[13] - 0xaD5805f7a9Cf6FcC65c51f6ac2D1AE3E84dC2F6
[13] - 0x12c1140544eA9BbB2aAe4Df8B18dd5924eE4466
[13] - 0x97b6cfab281d7bdbB1d4b9aFc1A7600bCb3301E
[13] - 0x4F7e2312aaF7d04EF000683DCdCe4c7cb1f2E28
[13] - 0xc227765e4d22c32e8878CcB6A3ba431af87E71e
[13] - 0xca06fBDE588a97C4E16A844494D387087337147
[13] - 0xeD1F0B1271688F158aBC4E21884f1CA49495cee
[13] - 0xdC084a84944939e25Dc0b13F3eaAe0726921B2D
[13] - 0xa02Cb68A19d05A09e088402B208B2aabCD0fcF8
[13] - 0x3aAAE5C3c0f1F3b239cb6a5F02e105674De13bB
[13] - 0xdeDc2e59fab82F33841D76f40C909188Eb66C46
[13] - 0x25d307AFc89916D0F308994d3313012b23A46aa
[13] - 0x98E83F2934683Ad91047dEb4914814d321EFb5B
[13] - 0xeEE78d3d70777165d9DD20A19F6E347960247c4
[13] - 0x2c445c81201c7fdd2bc596a5c74a4aab7a3dd3c
[13] - 0x164b252a75AE99Cc172a2863e23790d68D8D58D
[13] - 0x660bf5B9a65b1EE8320d3212780A438eb1dfDAe
[13] - 0x260adb3Ed6b8eAdA458828Ed4DEAa6BC6C98243
[13] - 0x232AAEe8F202A48EAC9c8F2f04074DF8dd2f5F7
[13] - 0x16a415883c25A4BbB4d3289e1dBBEc3767ef656
[13] - 0x108757A6271cf89e93fA7c29D019c6B7aAeFc2F
[13] - 0xbe84959b5bfF8d2C3BFEEff94000eBB0C7Ee2BD
[13] - 0xa78990ebb24BaAB75302546A910d1331127A9D4
[21] - 0x0BBd1291bAaF298f9f1C041F96509C23ced2bF4
[13] - 0xF34F9aD0E8C4eb9Ca8143d4925542aBC2C0707E
[13] - 0x0679F54b44c0DC037b996bFf72C6862554C595f
[13] - 0x15CD1328b9fE4c05a9C668c2FF68A0D5A5D308E
[13] - 0x57b23B3E06cCdd8b0e592749860450feFdD5708
[13] - 0x3c7f381E8C48E6b526a2D981a10761b4F62C891
[13] - 0x68A1212E4FD8185800E3E5AEC2C5194Dd702631
[13] - 0x01dfCf251789d59592D75387B73cf9165cb0337
[13] - 0x90FF3ACa423150Fc69703A6d8320e93A6624c74
[13] - 0xB16719bc309CBEDDD638dc01BbF22dAe9BE38d2
[13] - 0xfc3b4b49e61469fb434a695dc2ee03eed6eb841
[13] - 0x6f71c8c2312d8c6E2d006b83beAb4042dABF1e4
[13] - 0x33c0AED5C0248De7E2810685298a74F47E52b50
[13] - 0xF2A6b21737586a55659879136E2dDf69064E50F
[13] - 0x095a7599EDDA32670b3d50d4dEeCc8FcC8cBd50
[13] - 0x6927a0d2A5e1cE3e5046A3D1D1B4Dab7CBE7f41
[13] - 0xe391d116687F5848Fa8A81A2A7670518FD7Ca72
[13] - 0x70fB53335d16Af47580d858369c2d897502Ed9B
[13] - 0x96D67949Df8430d719529442269A21DF6700E5B
[13] - 0x6F7C1E93082d3f698a696E48D8284E15bebAc19
[13] - 0x755cac5Fd538339a82e9AEa4a3eA219E7914914
[13] - 0x03eeaB6543523FEF454d761484852252FAc406A
[13] - 0xA0018220E2Ead2640AD776c4F7fD84e5c65A26f
[13] - 0x031eb7A5DAd63990a5cd7Ea9d116Af8B5b7213f
[13] - 0x2F10B664465a0C85391FD4c9eb73707daE28b52
[13] - 0x7AE2db1C5955977bF3312CAd5854E6a8e8ecE42
[28] - 0x3c1d57238FB725D718CE35412d002c51D5bB599
[13] - 0x68bd8Af5918E4bF157eb114080542C7593E7Be6
[13] - 0x85B369Cb1D922BE143cEf31Bf95C264a063594c
[13] - 0xE2f0c2BE80F949FdBF2268D413f7A5bf0076c79
[13] - 0xAb785123bbb42e2f33350D2bDA74916CBA4eDC3
[13] - 0x0adbF3d3eb9d706d871266997E49e301c393344
[13] - 0x92f65cb06dbd9Bb9c77DBd68CC5D09C202739be
[13] - 0xb902ECdF2eB45c9d2C518F447097BeE83D4370a
[13] - 0xDAD4228B112B606C4065B33728393edBe342F91
[13] - 0x07bf845b30e683DB8B0c6DD1B401f0110BB4d47
[13] - 0xfeAA915e3CAf97809EC88334374fF0FEd89E8cF
[13] - 0x97334d2f82aEb46B26efe11205254506a3ffF3f
[13] - 0x60502B5a7E705fb339e0A7a210c869C31A48362
[13] - 0xe52c3390E37f9E6692E3EeA98D088787775f06D
[13] - 0xA2FF100bfDa6A668DDBAc5e546012487C247161
[13] - 0x2cB150d4306c2231c212ee13a552029f5472788
[30] - 0x89a55D60956A071a58C27fB6376fEcB19ecf197
[13] - 0x6A2656B0e81a8A31Abbc031A9c85C7e2E1D18ba
[109] - 0x23bcF3F517930f104aA87Ae80c976f3c07CBA88
[13] - 0xc4F0EBA17fC7C338F0E90456E9E336C52b7eF05
[24] - 0xbe84959b5bfF8d2C3BFEEff94000eBB0C7Ee2BD
[13] - 0xD0afC371FE9802D9Cfdbe96144942D6291B54ba
[13] - 0xB6c6F4e0A1D28C1F21D4f0207FA01eD9f7124A5
[13] - 0xDE01a1Fb59FA488112A471AEC488DD89E18950A
[13] - 0x6453DBB7148d30a517E2E16AE5b11B3b7d2cEC2
[13] - 0xd3B08e62CeBd2e70699304F08b90FBBfe66650D
[19] - 0xae71d4CE5ff5974B21a2503D14b1E7b4eAC2ba4
[13] - 0xe6aC34094F5cEc9F7968e2F92aab8e4E3b4Ce39
[13] - 0x37F47C6c6DE2d277CeE6D68E8cE6a80992E840B
[13] - 0x460c051F36dAceD22527dA6ce3dD1c1BbaCC56b
[13] - 0xDC1Acb3E4a6Af0Eb6fB102D98294d1692F89839
[13] - 0xcc9021346C8cD73bf792Cd99625371b28030acE
[13] - 0x41AF79b488364c03BF9649dEb02e19d33955dcc
[16] - 0x670061cCC58AB110F3F0b8D8dd682084171d5F6
[13] - 0xf972B628cB66bA4190d2D27ca7B392809A467FB
[13] - 0xb53781831B387dcf8B0b77d918F60f822A82Cf6
[13] - 0x0Bbd3c706bd4279c852c68E49325C6df76E2C03
[13] - 0xCaEEd0EDEc8EB311C423Ea5c0d2fa68Bb2C497c
[13] - 0xcc65a315e36e142f14e6f2e11dd26c72a84a39e
[13] - 0x836617583972835A11a515c8d51a4163f1AD1A4
[13] - 0x3BA9948ef3C5cE2ab53d7389bdC59f09818b855
[13] - 0x11912407Be26C0c37b4b2434282029a51440fEA
[13] - 0x6Dbb99FeF998B1eEeA3fB440572084bC5b5B598
[13] - 0x9b7437FD97B1EaE0457c3e77b6d3DC03717056C
[13] - 0xC9CAFDa28719Dfcb744dD96b1E68dc491d8B2d3
[13] - 0xEde17946811534CaA3A8e06a8F9a3D5418c9f08
[13] - 0x4b05a0839Ed30eFB66A4C516903E2D95F601a59
[13] - 0xF46D9287207fCE4DC6cBd530905307840F01e51
[13] - 0xF42db5559159e96e8B503EE6fFa8Bf43e5D7d7A
[13] - 0x822c561cF0963c538Ed87E4C68Ee9f5c6202077
[13] - 0xF40E6ef9Cfb2135f9DC3788AaAd1e4e008bA776
[54] - 0x2799FC1D243d0Be7E1b553607c071f140164a77
[13] - 0x3656A13106004F502e29120e3badCF5A7b0DEA8
[13] - 0xBaB8c6D86476615D6FF2D7d893AE401B773FF1A
[13] - 0x6Bc63E13C4d9462b4a9aEA2E111944a460Ab08B
[13] - 0xBEB99bbC15DF202f67aB19eC194413165a80c33
[13] - 0xC12B8c84A743CE2C92ca1E331Ae060a202C3BB1
[13] - 0x64a33542Caff653427EFE5796028c157Ba3E45f
[13] - 0x1Fcdb5A21145479b2F67c5e1F001Aa8949b341D
[13] - 0xdDAb0F77a888c97fE8c4297c5dC00c35F41ea7f
[13] - 0x04cA445b6F073F4B7092686fC9BF23713Fd79f2
[30] - 0xf3E9E8AC3f9E1E73E4E419aE9d68C70De41689a
[13] - 0xc3C3E494DCC65535feae7027dAC91AE5041333E
[13] - 0xD449ff0Bea8E3DB63B0c65561171B8279d71b05
[13] - 0x195598D152C9Dd2BA40F93B5a2DFb6df5074E1C
[13] - 0xCCd21083C2ab0Cdd629DEa8782c2b6Bd58c1145
[13] - 0x8085673dbeBb2AF2bf1764E0C2C2ec492c82000
[13] - 0xb18ac8aE07Fb2E726E24Ab62aaCeDC4961Ff20e
[13] - 0x9f374cD11A03d40F4741438D2c73E080d30179C
[13] - 0x5684bF26a0e0480d03c209C9Da3cD8Bf9E9fd6d
[13] - 0x68292972678ee242faa6995055112be75e54424
[13] - 0x59fCC241D34E3d3f6C60953f1eC44Ff9194C51D
[13] - 0xc67EeF4f84dA197A082EFa06f2Cb1F5E9B9F03B
[23] - 0xD56181DfA8C833fDb4c545301154DEe70d78365
[13] - 0xcd73Fbd3eeB2116265842972e6a31362deC69bf
[44] - 0x8553E24b9eb99c21Ea96A3E167CF4B8c75fb345
[13] - 0xeC5fb3c486DE0Dab232CF805899Fdeb8DA92Df9
[13] - 0x359508e861dBA02019ed66faBb9cc8583575eB4
[13] - 0x52B45E275473C27C243b0528B73BE3e0F5B37fb
[13] - 0xe1B177585ec2c618110559768CeB9e3213ad8ab
[13] - 0x9F2923e5599e61Ce5302acBD1CE6A488A122a51
[13] - 0x4fC958D660a66475209C59299d59F2743071a33
[13] - 0xd3D1881a30Bf30f5bB4a3fB9BC57FfbB03721E9
[13] - 0xD7b3C018ff3b589748D95128cfb0701a145A35c
[13] - 0xdC192F63e20bE1E019bc87f8bDf36fC0a3d433f
[13] - 0xC879778eD9B3cDe05e34A02620545E4f34c689A
[13] - 0xDC83666bAbA9a5cE7967a05E06c159C94afEAd4
[13] - 0x4ee71195068345B5135758D5243BFaF066B4F4b
[33] - 0x774783e676a0cBae3F482Ec53E4e63c7aC153A0
[13] - 0x77852A80238D466bD5f0dF8020F45f65eE510dD
[13] - 0x8d1af45C01F06AfCad58ec9542875A887Ab9b52
[13] - 0xe5f097F5b1E292EB8DE5CD27343283e75b3A85E
[13] - 0xBa90EcA1b18dD1b2c15F0AEdAf8C897FFEf049c
[13] - 0x1a2bCbc70c42f390f492d33E206D4317DF5A60F
[13] - 0xF67bFE936d5B778Aaf8305Cccd6C3C0459d3c95
[13] - 0xd7371a7D009Cd3EF3648ec3220E5B06E093dC1e
[13] - 0xad1E805A87B6497933920F0b229DA42A867bAcc
[13] - 0xe2283E52C51B5F38f4079c0075726c76438f722
[13] - 0xB56054a526343F841a14d6Bb5D539799fb671d3
[13] - 0xC2185855D627c433c99cd77f34c5a6DDdc26959
[13] - 0x3AA5C8c3065638a4D5353cd453B7495aC54a2C6
[13] - 0xC3bf4aa63f2862A06D90987CC716B1000D013A5
[13] - 0x71fc301BD42723b8Cc9Ef6af3041047Fbf405AC
[41] - 0xfE88d03640FBA9C332FA56243De1c9Efbea6a25
[13] - 0x7F8C8bf01B2635c036E37b7CE4F4451C7715482
[13] - 0xA86c168AaD27384c6A0d7b9f7aA99E71E280285
[13] - 0x238a579375fcB9030f239326421A35e8ddED30c
[13] - 0x70280E72695c9cf443644f0e0E388dcE1C4EE6b
[13] - 0x602739F0DED67D506cE857b387d0f31a9612387
[13] - 0xED5CE196FD229469D17C6e4008a4D0BA50b9Ccf
[13] - 0x3525bAAD932C1E522D28543fc67F8713529B35D
[13] - 0x6D4c69204a7C3c7fdDa5639C5DEF425b1277013
[13] - 0x4CFB98c4740fcA4286440e3C2A2604e85BF6A06
[13] - 0xe5e1772e765A3e51e5CaB88e8EFe11D42dc7599
[13] - 0xa15dbafB261AC1BD5C5184954AA8Ca385FC0Dea
[13] - 0xf1915e5ea48eFc7141F76c3B626BF568D3D2AFA
[13] - 0xA9605b7A345ff2caf847b373DEF9be2E7Aa7e6D
[13] - 0xc9701bd135347fA67d73fd2CE5b5e7B2a655465
[13] - 0x660ef5d1CA7b4C645c21d7B8815879d5931657a
[13] - 0xdEDB74005cAa6F7a8D11B8E8Ad65d2Ce147C6BF
[13] - 0xd3095adA4F0e25E6cE41EEdd4F7ca2AE41C9a32
[13] - 0x61336aadf27C9875ca26378349b3FBC36CE8B34
[13] - 0xF9d44f9a06DdaBFf97793CB8B33f599B877677B
[13] - 0xf2833af2528333479Acb38292252E8839A96653
[13] - 0xe4382e6a19b7772620F92BFCEbA6E3AA5b2533a
[20] - 0xf097481bB8e8745a38868Ff50a638A1f85296c1
[13] - 0x496083f07EBBFc728f1317dEd34c0117D989972
[13] - 0x3a8DE146B10E6b44427b3055D9f2ac0483D7f6E
[13] - 0xeaC1576695040C0838dC5211CEbfC200E36817F
[49] - 0x71D3089Fd8a9A88F395253199412D85a582f057
[13] - 0x834c8227cE50b10383Fbe8418E34F29986C21f2
[13] - 0x210e9FD00AAca633D83e4312177B6aBF9F0B7eF
[13] - 0x48a526b3A8F05C2459641a386F451dC568ccc72
[13] - 0x5e19E8CE63cC2B49DD23AC727709E1F924358Ce
[13] - 0xF6945Eda4eE163B379C9cBaDc4B2D140A3e97cA
[13] - 0xC56b078C846aAc90891A5EFF0ae319f4813323B
[13] - 0x68Ded80B9b5577a18Ecc60216Bd943F99B7daF1
[13] - 0x03Be068D9eF76dC04847827623D0dcC99D616D1
[13] - 0x3030A1da015DF371295A7A9078baa8D7658cFEc
[13] - 0x9a6a9609674058f80da300ebe504283cb571826
[13] - 0xEc9E5A4E2cAab9e8E58f5688E4F5D40952738d2
[13] - 0x9b585BF2fD6969d9844844163f5B0D768B19775
[13] - 0x34570A5C5060b78C544f4Bf9971d3D1Dfe79b6b
[13] - 0xc6dbf031790710e6d249121dc371d8575805515
[34] - 0x15d9026FDb0DFe684729370eaFF0A2f72Dc11a4
[13] - 0x477DbEC58BAd6f6318ca70AFF2d9953BA3b4dCb
[13] - 0x9407576E646c9747F4092FD57E3f93Bd7779FA5
[13] - 0xf5aCB5253A0eB63E486ea306E51E8454fDf2691
[13] - 0xD1714E888C2b189b9bd6219936F5eab850f051b
[13] - 0xd17991443A3E31A1B2c674061Fb2a1C58Cb2452
[13] - 0xD363E1BB52cf591c3f5975Ac9225Eb59B934c59
[13] - 0x3E19069cCb91cE9b608051B3f7F502b9409E841
[13] - 0x70D95a4CFCa3088e5D0b2c31F2957a805E83057
[13] - 0x7c5Ef1d18e280C20E0e63A7e9434e4E248F13ed
[13] - 0x350eAFd1235514F6cB790ce646C16B364a48715
[13] - 0xDA556f7c448806D6D445547f5991C4c161D9a3c
0xB202C431e3fBeBc9f5c2c7C38Dd8667320062f9A
0xd6E698A2BffaA79897e0B389fe77027006A125d6
0x15B8e1299b5Fbca74130e888C238aA9a2D2210Be
0x045cdee649d6e1f389bb9e08675ead66ad1ae053
0x73c6B72Fe87D8C82a60cF773340daf7e24a5BDF7
0xd4a8306E5d5e1a7c7e24C170E0F127176966b9BB
0x7b9f807F23686E8d5f9fD951fEF545576932Fe4A
0xcc65a315e36e142f14e6f2e11dd26c72a84a39ea
0xa79AC070514EB2190Ad8C76C8dEa88f2A8Ccee34
0xE12cfBceE77b6a4cE80a044e3C6C38B5BBbfEd48
0xB3bddae243473Be1d4b320babd79eC9A03b3adE0
0xf9eDaB29a7eE9EB0e7844f1D0734193F8D1F322e
0x86e4329763DA7cD581363C8FfC71A64ED70404f6
0xE4a017c83F667cC6643bc8c8624Cb81Abb9A55c6
0xa6a950B95Ccc16D6b80173dE79016915dd4aee62
0xf9d28ef79c9d0bbced7237fc0389eed0e526a765
0xc9150b01A27ec662d06Bfb79171CD4f387AC19F9
0xe98bb28A3a9F3bE46595393CCfbAb7D9CEE98A37
0x85cf4cCcFa0FA07aA11d0997dA1AdCad67300Ebf
0xD371b1Ca1918Dcf0655409a3D0c8dFd67F111BbA
0xC407e8De4A077AC0F05901F59C20c5a04c564197
0x32C7ABd9395914211E7F6A822802970662c8318E
0x25b84d7eda7A21509c4Bee979D028Bbe5D0ba8d1
0x155416C2980165985EC7F8B3970d941fa72005aD
0xb866acdAE843Ab60FEB6DcA361750BB2213c5e59
0x6c5549DC35B81103cBf915C5b3c2917704133363
0x426083a076C5e43ac6E3235E43228bb423629675
0xFF56845474dffFbBCAfcba7B9a37F2FDF008b9dE
0xf34c07787A38Af23A2C76885F76874b9a380b8Bd
0x65246C921885dF98b95e4E52a6635810Bc11aF98
0x122B2B3b017774fbd342Ff4989Bcc59b4CEffE33
0xB564a19Fca8862c179712F808Ed928B807c3534A
0x0E10c750bBA4E51fb01F3FF965B2DFC1675D2306
0x312026648c69DD893797fa0b2eC9f5a99f9332E2
0x1281750bF55B04bd088A2E348071dA3d5E8031f8
0x44f27C2e5E301Cf81bCB9AAeEe2309eF7aDa3f6b
0x2e11bD7572A135BADcb544da77078a098A5A5677
0x86CBe32aaFDAF2ed379B13e6c32eafa74D140aeF
0x8F7d18eb575EFd42c58e2409Ade0853d9b636cBD
0x10682d8627C7c95c3Bc6f03341F9a11f9d5b1178
0xa9EA7a50BFd7a254Bf92A7457fEbc935c5c61F94
0x081B5F6f251b04a050382F2d3AF6F13e95966722
0xc32B30fA902aeDAE9F9D21A1c711D24202AFA85a
0x3c9290e5985614Bc724ddc72011c54F4446b6Ef2
0xC6066f7320a3F1Dead8426D1EbAe88D697FfA325
0x4b84012723fd252e840B1bdd490a67606A6998e1
0xC8d78BaA93fF8d4Fdd960f13f350b9c5b0728189
0x0A4C640876DF8d748176CD224Aa68c3182597f6c
0x0CeB1555aa9E3A920C30a0BdB0CB74a56c0086A4
0xBe37629354A35ECa43A8c7F719D2E9603F770826
0x88b155b8716D0AEEF5C821107887762257920527
0x6ACf8e5BDa29f4d341a4FAf61A65E83FEdA7Dd10
0xcC6628Dac82e1E5Cad8eC4fd258877AF38eee423
0x8863CdF7262DF190DE7504e3FF65eD11bD374275
0xD638CfBDfa405860937e6c63f2f5Fc36C13dA639
0x552a0C52822C349a9b3ec032258B5fA3f5Ce425a
0xE11602Ee288C8d7C7D8722f48953a7e598dFCE7d
0x5Cc5eAe02533Fe7c74C768B0dBFa733386DCC625
0xaD5805f7a9Cf6FcC65c51f6ac2D1AE3E84dC2F60
0x12c1140544eA9BbB2aAe4Df8B18dd5924eE44666
0x97b6cfab281d7bdbB1d4b9aFc1A7600bCb3301E0
0x4F7e2312aaF7d04EF000683DCdCe4c7cb1f2E283
0xc227765e4d22c32e8878CcB6A3ba431af87E71e1
0xca06fBDE588a97C4E16A844494D387087337147F
0xeD1F0B1271688F158aBC4E21884f1CA49495cee0
0xdC084a84944939e25Dc0b13F3eaAe0726921B2D5
0xa02Cb68A19d05A09e088402B208B2aabCD0fcF8A
0x3aAAE5C3c0f1F3b239cb6a5F02e105674De13bB2
0xdeDc2e59fab82F33841D76f40C909188Eb66C463
0x25d307AFc89916D0F308994d3313012b23A46aa3
0x98E83F2934683Ad91047dEb4914814d321EFb5BF
0xeEE78d3d70777165d9DD20A19F6E347960247c40
0x2c445c81201c7fdd2bc596a5c74a4aab7a3dd3cc
0x164b252a75AE99Cc172a2863e23790d68D8D58D3
0x660bf5B9a65b1EE8320d3212780A438eb1dfDAe5
0x260adb3Ed6b8eAdA458828Ed4DEAa6BC6C98243f
0x232AAEe8F202A48EAC9c8F2f04074DF8dd2f5F71
0x16a415883c25A4BbB4d3289e1dBBEc3767ef6563
0x108757A6271cf89e93fA7c29D019c6B7aAeFc2F9
0xbe84959b5bfF8d2C3BFEEff94000eBB0C7Ee2BD5
0xa78990ebb24BaAB75302546A910d1331127A9D46
0x0BBd1291bAaF298f9f1C041F96509C23ced2bF4F
0xF34F9aD0E8C4eb9Ca8143d4925542aBC2C0707E9
0x0679F54b44c0DC037b996bFf72C6862554C595fF
0x15CD1328b9fE4c05a9C668c2FF68A0D5A5D308E2
0x57b23B3E06cCdd8b0e592749860450feFdD57089
0x3c7f381E8C48E6b526a2D981a10761b4F62C891d
0x68A1212E4FD8185800E3E5AEC2C5194Dd702631C
0x01dfCf251789d59592D75387B73cf9165cb03379
0x90FF3ACa423150Fc69703A6d8320e93A6624c74D
0xB16719bc309CBEDDD638dc01BbF22dAe9BE38d2d
0xfc3b4b49e61469fb434a695dc2ee03eed6eb841e
0x6f71c8c2312d8c6E2d006b83beAb4042dABF1e48
0x33c0AED5C0248De7E2810685298a74F47E52b508
0xF2A6b21737586a55659879136E2dDf69064E50F2
0x095a7599EDDA32670b3d50d4dEeCc8FcC8cBd50E
0x6927a0d2A5e1cE3e5046A3D1D1B4Dab7CBE7f41C
0xe391d116687F5848Fa8A81A2A7670518FD7Ca72F
0x70fB53335d16Af47580d858369c2d897502Ed9B1
0x96D67949Df8430d719529442269A21DF6700E5BE
0x6F7C1E93082d3f698a696E48D8284E15bebAc193
0x755cac5Fd538339a82e9AEa4a3eA219E79149149
0x03eeaB6543523FEF454d761484852252FAc406A0
0xA0018220E2Ead2640AD776c4F7fD84e5c65A26f4
0x031eb7A5DAd63990a5cd7Ea9d116Af8B5b7213f9
0x2F10B664465a0C85391FD4c9eb73707daE28b52e
0x7AE2db1C5955977bF3312CAd5854E6a8e8ecE42c
0x3c1d57238FB725D718CE35412d002c51D5bB599C
0x68bd8Af5918E4bF157eb114080542C7593E7Be65
0x85B369Cb1D922BE143cEf31Bf95C264a063594c8
0xE2f0c2BE80F949FdBF2268D413f7A5bf0076c799
0xAb785123bbb42e2f33350D2bDA74916CBA4eDC30
0x0adbF3d3eb9d706d871266997E49e301c393344A
0x92f65cb06dbd9Bb9c77DBd68CC5D09C202739beD
0xb902ECdF2eB45c9d2C518F447097BeE83D4370ae
0xDAD4228B112B606C4065B33728393edBe342F913
0x07bf845b30e683DB8B0c6DD1B401f0110BB4d478
0xfeAA915e3CAf97809EC88334374fF0FEd89E8cFE
0x97334d2f82aEb46B26efe11205254506a3ffF3fa
0x60502B5a7E705fb339e0A7a210c869C31A483624
0xe52c3390E37f9E6692E3EeA98D088787775f06D2
0xA2FF100bfDa6A668DDBAc5e546012487C2471619
0x2cB150d4306c2231c212ee13a552029f54727886
0x89a55D60956A071a58C27fB6376fEcB19ecf197F
0x6A2656B0e81a8A31Abbc031A9c85C7e2E1D18ba8
0x23bcF3F517930f104aA87Ae80c976f3c07CBA881
0xc4F0EBA17fC7C338F0E90456E9E336C52b7eF057
0xbe84959b5bfF8d2C3BFEEff94000eBB0C7Ee2BD5
0xD0afC371FE9802D9Cfdbe96144942D6291B54baa
0xB6c6F4e0A1D28C1F21D4f0207FA01eD9f7124A5a
0xDE01a1Fb59FA488112A471AEC488DD89E18950Af
0x6453DBB7148d30a517E2E16AE5b11B3b7d2cEC29
0xd3B08e62CeBd2e70699304F08b90FBBfe66650D2
0xae71d4CE5ff5974B21a2503D14b1E7b4eAC2ba4e
0xe6aC34094F5cEc9F7968e2F92aab8e4E3b4Ce39C
0x37F47C6c6DE2d277CeE6D68E8cE6a80992E840B9
0x460c051F36dAceD22527dA6ce3dD1c1BbaCC56b3
0xDC1Acb3E4a6Af0Eb6fB102D98294d1692F89839d
0xcc9021346C8cD73bf792Cd99625371b28030acE6
0x41AF79b488364c03BF9649dEb02e19d33955dcc9
0x670061cCC58AB110F3F0b8D8dd682084171d5F6d
0xf972B628cB66bA4190d2D27ca7B392809A467FBD
0xb53781831B387dcf8B0b77d918F60f822A82Cf63
0x0Bbd3c706bd4279c852c68E49325C6df76E2C032
0xCaEEd0EDEc8EB311C423Ea5c0d2fa68Bb2C497c0
0xcc65a315e36e142f14e6f2e11dd26c72a84a39ea
0x836617583972835A11a515c8d51a4163f1AD1A43
0x3BA9948ef3C5cE2ab53d7389bdC59f09818b8555
0x11912407Be26C0c37b4b2434282029a51440fEA5
0x6Dbb99FeF998B1eEeA3fB440572084bC5b5B5982
0x9b7437FD97B1EaE0457c3e77b6d3DC03717056C4
0xC9CAFDa28719Dfcb744dD96b1E68dc491d8B2d30
0xEde17946811534CaA3A8e06a8F9a3D5418c9f08e
0x4b05a0839Ed30eFB66A4C516903E2D95F601a590
0xF46D9287207fCE4DC6cBd530905307840F01e51B
0xF42db5559159e96e8B503EE6fFa8Bf43e5D7d7A7
0x822c561cF0963c538Ed87E4C68Ee9f5c6202077f
0xF40E6ef9Cfb2135f9DC3788AaAd1e4e008bA776F
0x2799FC1D243d0Be7E1b553607c071f140164a778
0x3656A13106004F502e29120e3badCF5A7b0DEA8F
0xBaB8c6D86476615D6FF2D7d893AE401B773FF1AF
0x6Bc63E13C4d9462b4a9aEA2E111944a460Ab08Bb
0xBEB99bbC15DF202f67aB19eC194413165a80c33f
0xC12B8c84A743CE2C92ca1E331Ae060a202C3BB18
0x64a33542Caff653427EFE5796028c157Ba3E45fe
0x1Fcdb5A21145479b2F67c5e1F001Aa8949b341D5
0xdDAb0F77a888c97fE8c4297c5dC00c35F41ea7fb
0x04cA445b6F073F4B7092686fC9BF23713Fd79f2d
0xf3E9E8AC3f9E1E73E4E419aE9d68C70De41689a2
0xc3C3E494DCC65535feae7027dAC91AE5041333Ef
0xD449ff0Bea8E3DB63B0c65561171B8279d71b050
0x195598D152C9Dd2BA40F93B5a2DFb6df5074E1Cf
0xCCd21083C2ab0Cdd629DEa8782c2b6Bd58c11457
0x8085673dbeBb2AF2bf1764E0C2C2ec492c82000b
0xb18ac8aE07Fb2E726E24Ab62aaCeDC4961Ff20e4
0x9f374cD11A03d40F4741438D2c73E080d30179C3
0x5684bF26a0e0480d03c209C9Da3cD8Bf9E9fd6d1
0x68292972678ee242faa6995055112be75e544241
0x59fCC241D34E3d3f6C60953f1eC44Ff9194C51D2
0xc67EeF4f84dA197A082EFa06f2Cb1F5E9B9F03B5
0xD56181DfA8C833fDb4c545301154DEe70d783653
0xcd73Fbd3eeB2116265842972e6a31362deC69bf1
0x8553E24b9eb99c21Ea96A3E167CF4B8c75fb345C
0xeC5fb3c486DE0Dab232CF805899Fdeb8DA92Df91
0x359508e861dBA02019ed66faBb9cc8583575eB4f
0x52B45E275473C27C243b0528B73BE3e0F5B37fb4
0xe1B177585ec2c618110559768CeB9e3213ad8ab7
0x9F2923e5599e61Ce5302acBD1CE6A488A122a515
0x4fC958D660a66475209C59299d59F2743071a335
0xd3D1881a30Bf30f5bB4a3fB9BC57FfbB03721E9B
0xD7b3C018ff3b589748D95128cfb0701a145A35cb
0xdC192F63e20bE1E019bc87f8bDf36fC0a3d433f9
0xC879778eD9B3cDe05e34A02620545E4f34c689A5
0xDC83666bAbA9a5cE7967a05E06c159C94afEAd47
0x4ee71195068345B5135758D5243BFaF066B4F4bF
0x774783e676a0cBae3F482Ec53E4e63c7aC153A0c
0x77852A80238D466bD5f0dF8020F45f65eE510dD2
0x8d1af45C01F06AfCad58ec9542875A887Ab9b525
0xe5f097F5b1E292EB8DE5CD27343283e75b3A85Ed
0xBa90EcA1b18dD1b2c15F0AEdAf8C897FFEf049c4
0x1a2bCbc70c42f390f492d33E206D4317DF5A60F5
0xF67bFE936d5B778Aaf8305Cccd6C3C0459d3c956
0xd7371a7D009Cd3EF3648ec3220E5B06E093dC1ea
0xad1E805A87B6497933920F0b229DA42A867bAcc9
0xe2283E52C51B5F38f4079c0075726c76438f7224
0xB56054a526343F841a14d6Bb5D539799fb671d3F
0xC2185855D627c433c99cd77f34c5a6DDdc269591
0x3AA5C8c3065638a4D5353cd453B7495aC54a2C65
0xC3bf4aa63f2862A06D90987CC716B1000D013A50
0x71fc301BD42723b8Cc9Ef6af3041047Fbf405AC8
0xfE88d03640FBA9C332FA56243De1c9Efbea6a259
0x7F8C8bf01B2635c036E37b7CE4F4451C77154826
0xA86c168AaD27384c6A0d7b9f7aA99E71E280285C
0x238a579375fcB9030f239326421A35e8ddED30cf
0x70280E72695c9cf443644f0e0E388dcE1C4EE6b9
0x602739F0DED67D506cE857b387d0f31a96123877
0xED5CE196FD229469D17C6e4008a4D0BA50b9Ccfb
0x3525bAAD932C1E522D28543fc67F8713529B35D4
0x6D4c69204a7C3c7fdDa5639C5DEF425b12770134
0x4CFB98c4740fcA4286440e3C2A2604e85BF6A061
0xe5e1772e765A3e51e5CaB88e8EFe11D42dc75998
0xa15dbafB261AC1BD5C5184954AA8Ca385FC0Dea6
0xf1915e5ea48eFc7141F76c3B626BF568D3D2AFAA
0xA9605b7A345ff2caf847b373DEF9be2E7Aa7e6De
0xc9701bd135347fA67d73fd2CE5b5e7B2a6554654
0x660ef5d1CA7b4C645c21d7B8815879d5931657aE
0xdEDB74005cAa6F7a8D11B8E8Ad65d2Ce147C6BF0
0xd3095adA4F0e25E6cE41EEdd4F7ca2AE41C9a32D
0x61336aadf27C9875ca26378349b3FBC36CE8B344
0xF9d44f9a06DdaBFf97793CB8B33f599B877677Bd
0xf2833af2528333479Acb38292252E8839A966536
0xe4382e6a19b7772620F92BFCEbA6E3AA5b2533af
0xf097481bB8e8745a38868Ff50a638A1f85296c13
0x496083f07EBBFc728f1317dEd34c0117D9899723
0x3a8DE146B10E6b44427b3055D9f2ac0483D7f6E2
0xeaC1576695040C0838dC5211CEbfC200E36817F0
0x71D3089Fd8a9A88F395253199412D85a582f0573
0x834c8227cE50b10383Fbe8418E34F29986C21f2a
0x210e9FD00AAca633D83e4312177B6aBF9F0B7eFe
0x48a526b3A8F05C2459641a386F451dC568ccc727
0x5e19E8CE63cC2B49DD23AC727709E1F924358Ce1
0xF6945Eda4eE163B379C9cBaDc4B2D140A3e97cAB
0xC56b078C846aAc90891A5EFF0ae319f4813323B7
0x68Ded80B9b5577a18Ecc60216Bd943F99B7daF1E
0x03Be068D9eF76dC04847827623D0dcC99D616D12
0x3030A1da015DF371295A7A9078baa8D7658cFEc9
0x9a6a9609674058f80da300ebe504283cb571826a
0xEc9E5A4E2cAab9e8E58f5688E4F5D40952738d2e
0x9b585BF2fD6969d9844844163f5B0D768B197759
0x34570A5C5060b78C544f4Bf9971d3D1Dfe79b6b2
0xc6dbf031790710e6d249121dc371d8575805515e
0x15d9026FDb0DFe684729370eaFF0A2f72Dc11a4E
0x477DbEC58BAd6f6318ca70AFF2d9953BA3b4dCbb
0x9407576E646c9747F4092FD57E3f93Bd7779FA58
0xf5aCB5253A0eB63E486ea306E51E8454fDf2691B
0xD1714E888C2b189b9bd6219936F5eab850f051b5
0xd17991443A3E31A1B2c674061Fb2a1C58Cb2452c
0xD363E1BB52cf591c3f5975Ac9225Eb59B934c59b
0x3E19069cCb91cE9b608051B3f7F502b9409E8414
0x70D95a4CFCa3088e5D0b2c31F2957a805E83057a
0x7c5Ef1d18e280C20E0e63A7e9434e4E248F13edD
0x350eAFd1235514F6cB790ce646C16B364a48715b
0xDA556f7c448806D6D445547f5991C4c161D9a3c6
0xB202C431e3fBeBc9f5c2c7C38Dd8667320062f9A
0xB202C431e3fBeBc9f5c2c7C38Dd8667320062f9A
0xd6E698A2BffaA79897e0B389fe77027006A125d6
0x15B8e1299b5Fbca74130e888C238aA9a2D2210Be
0x045cdee649d6e1f389bb9e08675ead66ad1ae053
0x73c6B72Fe87D8C82a60cF773340daf7e24a5BDF7
0xd4a8306E5d5e1a7c7e24C170E0F127176966b9BB
0x7b9f807F23686E8d5f9fD951fEF545576932Fe4A
0xcc65a315e36e142f14e6f2e11dd26c72a84a39ea
0xa79AC070514EB2190Ad8C76C8dEa88f2A8Ccee34
0xE12cfBceE77b6a4cE80a044e3C6C38B5BBbfEd48
0xB3bddae243473Be1d4b320babd79eC9A03b3adE0
0xf9eDaB29a7eE9EB0e7844f1D0734193F8D1F322e
0x86e4329763DA7cD581363C8FfC71A64ED70404f6
0xE4a017c83F667cC6643bc8c8624Cb81Abb9A55c6
0xa6a950B95Ccc16D6b80173dE79016915dd4aee62
0xf9d28ef79c9d0bbced7237fc0389eed0e526a765
0xc9150b01A27ec662d06Bfb79171CD4f387AC19F9
0xe98bb28A3a9F3bE46595393CCfbAb7D9CEE98A37
0x85cf4cCcFa0FA07aA11d0997dA1AdCad67300Ebf
0xD371b1Ca1918Dcf0655409a3D0c8dFd67F111BbA
0xC407e8De4A077AC0F05901F59C20c5a04c564197
0x32C7ABd9395914211E7F6A822802970662c8318E
0x25b84d7eda7A21509c4Bee979D028Bbe5D0ba8d1
0x155416C2980165985EC7F8B3970d941fa72005aD
0xb866acdAE843Ab60FEB6DcA361750BB2213c5e59
0x6c5549DC35B81103cBf915C5b3c2917704133363
0x426083a076C5e43ac6E3235E43228bb423629675
0xFF56845474dffFbBCAfcba7B9a37F2FDF008b9dE
0xf34c07787A38Af23A2C76885F76874b9a380b8Bd
0x65246C921885dF98b95e4E52a6635810Bc11aF98
0x122B2B3b017774fbd342Ff4989Bcc59b4CEffE33
0xB564a19Fca8862c179712F808Ed928B807c3534A
0x0E10c750bBA4E51fb01F3FF965B2DFC1675D2306
0x312026648c69DD893797fa0b2eC9f5a99f9332E2
0x1281750bF55B04bd088A2E348071dA3d5E8031f8
0x44f27C2e5E301Cf81bCB9AAeEe2309eF7aDa3f6b
0x2e11bD7572A135BADcb544da77078a098A5A5677
0x86CBe32aaFDAF2ed379B13e6c32eafa74D140aeF
0x8F7d18eb575EFd42c58e2409Ade0853d9b636cBD
0x10682d8627C7c95c3Bc6f03341F9a11f9d5b1178
0xa9EA7a50BFd7a254Bf92A7457fEbc935c5c61F94
0x081B5F6f251b04a050382F2d3AF6F13e95966722
0xc32B30fA902aeDAE9F9D21A1c711D24202AFA85a
0x3c9290e5985614Bc724ddc72011c54F4446b6Ef2
0xC6066f7320a3F1Dead8426D1EbAe88D697FfA325
0x4b84012723fd252e840B1bdd490a67606A6998e1
0xC8d78BaA93fF8d4Fdd960f13f350b9c5b0728189
0x0A4C640876DF8d748176CD224Aa68c3182597f6c
0x0CeB1555aa9E3A920C30a0BdB0CB74a56c0086A4
0xBe37629354A35ECa43A8c7F719D2E9603F770826
0x88b155b8716D0AEEF5C821107887762257920527
0x6ACf8e5BDa29f4d341a4FAf61A65E83FEdA7Dd10
0xcC6628Dac82e1E5Cad8eC4fd258877AF38eee423
0x8863CdF7262DF190DE7504e3FF65eD11bD374275
0xD638CfBDfa405860937e6c63f2f5Fc36C13dA639
0x552a0C52822C349a9b3ec032258B5fA3f5Ce425a
0xE11602Ee288C8d7C7D8722f48953a7e598dFCE7d
0x5Cc5eAe02533Fe7c74C768B0dBFa733386DCC625
0xaD5805f7a9Cf6FcC65c51f6ac2D1AE3E84dC2F60
0x12c1140544eA9BbB2aAe4Df8B18dd5924eE44666
0x97b6cfab281d7bdbB1d4b9aFc1A7600bCb3301E0
0x4F7e2312aaF7d04EF000683DCdCe4c7cb1f2E283
0xc227765e4d22c32e8878CcB6A3ba431af87E71e1
0xca06fBDE588a97C4E16A844494D387087337147F
0xeD1F0B1271688F158aBC4E21884f1CA49495cee0
0xdC084a84944939e25Dc0b13F3eaAe0726921B2D5
0xa02Cb68A19d05A09e088402B208B2aabCD0fcF8A
0x3aAAE5C3c0f1F3b239cb6a5F02e105674De13bB2
0xdeDc2e59fab82F33841D76f40C909188Eb66C463
0x25d307AFc89916D0F308994d3313012b23A46aa3
0x98E83F2934683Ad91047dEb4914814d321EFb5BF
0xeEE78d3d70777165d9DD20A19F6E347960247c40
0x2c445c81201c7fdd2bc596a5c74a4aab7a3dd3cc
0x164b252a75AE99Cc172a2863e23790d68D8D58D3
0x660bf5B9a65b1EE8320d3212780A438eb1dfDAe5
0x260adb3Ed6b8eAdA458828Ed4DEAa6BC6C98243f
0x232AAEe8F202A48EAC9c8F2f04074DF8dd2f5F71
0x16a415883c25A4BbB4d3289e1dBBEc3767ef6563
0x108757A6271cf89e93fA7c29D019c6B7aAeFc2F9
0xbe84959b5bfF8d2C3BFEEff94000eBB0C7Ee2BD5
0xa78990ebb24BaAB75302546A910d1331127A9D46
0x0BBd1291bAaF298f9f1C041F96509C23ced2bF4F
0xF34F9aD0E8C4eb9Ca8143d4925542aBC2C0707E9
0x0679F54b44c0DC037b996bFf72C6862554C595fF
0x15CD1328b9fE4c05a9C668c2FF68A0D5A5D308E2
0x57b23B3E06cCdd8b0e592749860450feFdD57089
0x3c7f381E8C48E6b526a2D981a10761b4F62C891d
0x68A1212E4FD8185800E3E5AEC2C5194Dd702631C
0x01dfCf251789d59592D75387B73cf9165cb03379
0x90FF3ACa423150Fc69703A6d8320e93A6624c74D
0xB16719bc309CBEDDD638dc01BbF22dAe9BE38d2d
0xfc3b4b49e61469fb434a695dc2ee03eed6eb841e
0x6f71c8c2312d8c6E2d006b83beAb4042dABF1e48
0x33c0AED5C0248De7E2810685298a74F47E52b508
0xF2A6b21737586a55659879136E2dDf69064E50F2
0x095a7599EDDA32670b3d50d4dEeCc8FcC8cBd50E
0x6927a0d2A5e1cE3e5046A3D1D1B4Dab7CBE7f41C
0xe391d116687F5848Fa8A81A2A7670518FD7Ca72F
0x70fB53335d16Af47580d858369c2d897502Ed9B1
0x96D67949Df8430d719529442269A21DF6700E5BE
0x6F7C1E93082d3f698a696E48D8284E15bebAc193
0x755cac5Fd538339a82e9AEa4a3eA219E79149149
0x03eeaB6543523FEF454d761484852252FAc406A0
0xA0018220E2Ead2640AD776c4F7fD84e5c65A26f4
0x031eb7A5DAd63990a5cd7Ea9d116Af8B5b7213f9
0x2F10B664465a0C85391FD4c9eb73707daE28b52e
0x7AE2db1C5955977bF3312CAd5854E6a8e8ecE42c
0x3c1d57238FB725D718CE35412d002c51D5bB599C
0x68bd8Af5918E4bF157eb114080542C7593E7Be65
0x85B369Cb1D922BE143cEf31Bf95C264a063594c8
0xE2f0c2BE80F949FdBF2268D413f7A5bf0076c799
0xAb785123bbb42e2f33350D2bDA74916CBA4eDC30
0x0adbF3d3eb9d706d871266997E49e301c393344A
0x92f65cb06dbd9Bb9c77DBd68CC5D09C202739beD
0xb902ECdF2eB45c9d2C518F447097BeE83D4370ae
0xDAD4228B112B606C4065B33728393edBe342F913
0x07bf845b30e683DB8B0c6DD1B401f0110BB4d478
0xfeAA915e3CAf97809EC88334374fF0FEd89E8cFE
0x97334d2f82aEb46B26efe11205254506a3ffF3fa
0x60502B5a7E705fb339e0A7a210c869C31A483624
0xe52c3390E37f9E6692E3EeA98D088787775f06D2
0xA2FF100bfDa6A668DDBAc5e546012487C2471619
0x2cB150d4306c2231c212ee13a552029f54727886
0x89a55D60956A071a58C27fB6376fEcB19ecf197F
0x6A2656B0e81a8A31Abbc031A9c85C7e2E1D18ba8
0x23bcF3F517930f104aA87Ae80c976f3c07CBA881
0xc4F0EBA17fC7C338F0E90456E9E336C52b7eF057
0xbe84959b5bfF8d2C3BFEEff94000eBB0C7Ee2BD5
0xD0afC371FE9802D9Cfdbe96144942D6291B54baa
0xB6c6F4e0A1D28C1F21D4f0207FA01eD9f7124A5a
0xDE01a1Fb59FA488112A471AEC488DD89E18950Af
0x6453DBB7148d30a517E2E16AE5b11B3b7d2cEC29
0xd3B08e62CeBd2e70699304F08b90FBBfe66650D2
0xae71d4CE5ff5974B21a2503D14b1E7b4eAC2ba4e
0xe6aC34094F5cEc9F7968e2F92aab8e4E3b4Ce39C
0x37F47C6c6DE2d277CeE6D68E8cE6a80992E840B9
0x460c051F36dAceD22527dA6ce3dD1c1BbaCC56b3
0xDC1Acb3E4a6Af0Eb6fB102D98294d1692F89839d
0xcc9021346C8cD73bf792Cd99625371b28030acE6
0x41AF79b488364c03BF9649dEb02e19d33955dcc9
0x670061cCC58AB110F3F0b8D8dd682084171d5F6d
0xf972B628cB66bA4190d2D27ca7B392809A467FBD
0xb53781831B387dcf8B0b77d918F60f822A82Cf63
0x0Bbd3c706bd4279c852c68E49325C6df76E2C032
0xCaEEd0EDEc8EB311C423Ea5c0d2fa68Bb2C497c0
0xcc65a315e36e142f14e6f2e11dd26c72a84a39ea
0x836617583972835A11a515c8d51a4163f1AD1A43
0x3BA9948ef3C5cE2ab53d7389bdC59f09818b8555
0x11912407Be26C0c37b4b2434282029a51440fEA5
0x6Dbb99FeF998B1eEeA3fB440572084bC5b5B5982
0x9b7437FD97B1EaE0457c3e77b6d3DC03717056C4
0xC9CAFDa28719Dfcb744dD96b1E68dc491d8B2d30
0xEde17946811534CaA3A8e06a8F9a3D5418c9f08e
0x4b05a0839Ed30eFB66A4C516903E2D95F601a590
0xF46D9287207fCE4DC6cBd530905307840F01e51B
0xF42db5559159e96e8B503EE6fFa8Bf43e5D7d7A7
0x822c561cF0963c538Ed87E4C68Ee9f5c6202077f
0xF40E6ef9Cfb2135f9DC3788AaAd1e4e008bA776F
0x2799FC1D243d0Be7E1b553607c071f140164a778
0x3656A13106004F502e29120e3badCF5A7b0DEA8F
0xBaB8c6D86476615D6FF2D7d893AE401B773FF1AF
0x6Bc63E13C4d9462b4a9aEA2E111944a460Ab08Bb
0xBEB99bbC15DF202f67aB19eC194413165a80c33f
0xC12B8c84A743CE2C92ca1E331Ae060a202C3BB18
0x64a33542Caff653427EFE5796028c157Ba3E45fe
0x1Fcdb5A21145479b2F67c5e1F001Aa8949b341D5
0xdDAb0F77a888c97fE8c4297c5dC00c35F41ea7fb
0x04cA445b6F073F4B7092686fC9BF23713Fd79f2d
0xf3E9E8AC3f9E1E73E4E419aE9d68C70De41689a2
0xc3C3E494DCC65535feae7027dAC91AE5041333Ef
0xD449ff0Bea8E3DB63B0c65561171B8279d71b050
0x195598D152C9Dd2BA40F93B5a2DFb6df5074E1Cf
0xCCd21083C2ab0Cdd629DEa8782c2b6Bd58c11457
0x8085673dbeBb2AF2bf1764E0C2C2ec492c82000b
0xb18ac8aE07Fb2E726E24Ab62aaCeDC4961Ff20e4
0x9f374cD11A03d40F4741438D2c73E080d30179C3
0x5684bF26a0e0480d03c209C9Da3cD8Bf9E9fd6d1
0x68292972678ee242faa6995055112be75e544241
0x59fCC241D34E3d3f6C60953f1eC44Ff9194C51D2
0xc67EeF4f84dA197A082EFa06f2Cb1F5E9B9F03B5
0xD56181DfA8C833fDb4c545301154DEe70d783653
0xcd73Fbd3eeB2116265842972e6a31362deC69bf1
0x8553E24b9eb99c21Ea96A3E167CF4B8c75fb345C
0xeC5fb3c486DE0Dab232CF805899Fdeb8DA92Df91
0x359508e861dBA02019ed66faBb9cc8583575eB4f
0x52B45E275473C27C243b0528B73BE3e0F5B37fb4
0xe1B177585ec2c618110559768CeB9e3213ad8ab7
0x9F2923e5599e61Ce5302acBD1CE6A488A122a515
0x4fC958D660a66475209C59299d59F2743071a335
0xd3D1881a30Bf30f5bB4a3fB9BC57FfbB03721E9B
0xD7b3C018ff3b589748D95128cfb0701a145A35cb
0xdC192F63e20bE1E019bc87f8bDf36fC0a3d433f9
0xC879778eD9B3cDe05e34A02620545E4f34c689A5
0xDC83666bAbA9a5cE7967a05E06c159C94afEAd47
0x4ee71195068345B5135758D5243BFaF066B4F4bF
0x774783e676a0cBae3F482Ec53E4e63c7aC153A0c
0x77852A80238D466bD5f0dF8020F45f65eE510dD2
0x8d1af45C01F06AfCad58ec9542875A887Ab9b525
0xe5f097F5b1E292EB8DE5CD27343283e75b3A85Ed
0xBa90EcA1b18dD1b2c15F0AEdAf8C897FFEf049c4
0x1a2bCbc70c42f390f492d33E206D4317DF5A60F5
0xF67bFE936d5B778Aaf8305Cccd6C3C0459d3c956
0xd7371a7D009Cd3EF3648ec3220E5B06E093dC1ea
0xad1E805A87B6497933920F0b229DA42A867bAcc9
0xe2283E52C51B5F38f4079c0075726c76438f7224
0xB56054a526343F841a14d6Bb5D539799fb671d3F
0xC2185855D627c433c99cd77f34c5a6DDdc269591
0x3AA5C8c3065638a4D5353cd453B7495aC54a2C65
0xC3bf4aa63f2862A06D90987CC716B1000D013A50
0x71fc301BD42723b8Cc9Ef6af3041047Fbf405AC8
0xfE88d03640FBA9C332FA56243De1c9Efbea6a259
0x7F8C8bf01B2635c036E37b7CE4F4451C77154826
0xA86c168AaD27384c6A0d7b9f7aA99E71E280285C
0x238a579375fcB9030f239326421A35e8ddED30cf
0x70280E72695c9cf443644f0e0E388dcE1C4EE6b9
0x602739F0DED67D506cE857b387d0f31a96123877
0xED5CE196FD229469D17C6e4008a4D0BA50b9Ccfb
0x3525bAAD932C1E522D28543fc67F8713529B35D4
0x6D4c69204a7C3c7fdDa5639C5DEF425b12770134
0x4CFB98c4740fcA4286440e3C2A2604e85BF6A061
0xe5e1772e765A3e51e5CaB88e8EFe11D42dc75998
0xa15dbafB261AC1BD5C5184954AA8Ca385FC0Dea6
0xf1915e5ea48eFc7141F76c3B626BF568D3D2AFAA
0xA9605b7A345ff2caf847b373DEF9be2E7Aa7e6De
0xc9701bd135347fA67d73fd2CE5b5e7B2a6554654
0x660ef5d1CA7b4C645c21d7B8815879d5931657aE
0xdEDB74005cAa6F7a8D11B8E8Ad65d2Ce147C6BF0
0xd3095adA4F0e25E6cE41EEdd4F7ca2AE41C9a32D
0x61336aadf27C9875ca26378349b3FBC36CE8B344
0xF9d44f9a06DdaBFf97793CB8B33f599B877677Bd
0xf2833af2528333479Acb38292252E8839A966536
0xe4382e6a19b7772620F92BFCEbA6E3AA5b2533af
0xf097481bB8e8745a38868Ff50a638A1f85296c13
0x496083f07EBBFc728f1317dEd34c0117D9899723
0x3a8DE146B10E6b44427b3055D9f2ac0483D7f6E2
0xeaC1576695040C0838dC5211CEbfC200E36817F0
0x71D3089Fd8a9A88F395253199412D85a582f0573
0x834c8227cE50b10383Fbe8418E34F29986C21f2a
0x210e9FD00AAca633D83e4312177B6aBF9F0B7eFe
0x48a526b3A8F05C2459641a386F451dC568ccc727
0x5e19E8CE63cC2B49DD23AC727709E1F924358Ce1
0xF6945Eda4eE163B379C9cBaDc4B2D140A3e97cAB
0xC56b078C846aAc90891A5EFF0ae319f4813323B7
0x68Ded80B9b5577a18Ecc60216Bd943F99B7daF1E
0x03Be068D9eF76dC04847827623D0dcC99D616D12
0x3030A1da015DF371295A7A9078baa8D7658cFEc9
0x9a6a9609674058f80da300ebe504283cb571826a
0xEc9E5A4E2cAab9e8E58f5688E4F5D40952738d2e
0x9b585BF2fD6969d9844844163f5B0D768B197759
0x34570A5C5060b78C544f4Bf9971d3D1Dfe79b6b2
0xc6dbf031790710e6d249121dc371d8575805515e
0x15d9026FDb0DFe684729370eaFF0A2f72Dc11a4E
0x477DbEC58BAd6f6318ca70AFF2d9953BA3b4dCbb
0x9407576E646c9747F4092FD57E3f93Bd7779FA58
0xf5aCB5253A0eB63E486ea306E51E8454fDf2691B
0xD1714E888C2b189b9bd6219936F5eab850f051b5
0xd17991443A3E31A1B2c674061Fb2a1C58Cb2452c
0xD363E1BB52cf591c3f5975Ac9225Eb59B934c59b
0x3E19069cCb91cE9b608051B3f7F502b9409E8414
0x70D95a4CFCa3088e5D0b2c31F2957a805E83057a
0x7c5Ef1d18e280C20E0e63A7e9434e4E248F13edD
0x350eAFd1235514F6cB790ce646C16B364a48715b
0xDA556f7c448806D6D445547f5991C4c161D9a3c6
