





**************************************************
*                                                *
*  ChilliePicker:                                *
*  Lets Pick a Winner for Tweet ID:              *
*  1654950165852172290                           *
*                                                *
**************************************************
**************************************************
*                                                *
*  ChilliePicker:                                *
*  Checking Likes                                *
*                                                *
**************************************************
//////////////////////////////////////////////////
/                                                /
/  ChilliePicker:                                /
/  Loading LIKE Data                             /
/                                                /
//////////////////////////////////////////////////
//////////////////////////////////////////////////
/                                                /
/  ChilliePicker:                                /
/  Loading LIKE Data                             /
/                                                /
//////////////////////////////////////////////////
//////////////////////////////////////////////////
/                                                /
/  ChilliePicker:                                /
/  Loading LIKE Data                             /
/                                                /
//////////////////////////////////////////////////
//////////////////////////////////////////////////
/                                                /
/  ChilliePicker:                                /
/  Loading LIKE Data                             /
/                                                /
//////////////////////////////////////////////////
//////////////////////////////////////////////////
/                                                /
/  ChilliePicker:                                /
/  Loading LIKE Data                             /
/                                                /
//////////////////////////////////////////////////
//////////////////////////////////////////////////
/                                                /
/  ChilliePicker:                                /
/  Loading LIKE Data                             /
/                                                /
//////////////////////////////////////////////////
//////////////////////////////////////////////////
/                                                /
/  ChilliePicker:                                /
/  Loading LIKE Data                             /
/                                                /
//////////////////////////////////////////////////
//////////////////////////////////////////////////
/                                                /
/  ChilliePicker:                                /
/  Loading LIKE Data                             /
/                                                /
//////////////////////////////////////////////////
//////////////////////////////////////////////////
/                                                /
/  ChilliePicker:                                /
/  Loading LIKE Data                             /
/                                                /
//////////////////////////////////////////////////
//////////////////////////////////////////////////
/                                                /
/  ChilliePicker:                                /
/  Loading LIKE Data                             /
/                                                /
//////////////////////////////////////////////////
//////////////////////////////////////////////////
/                                                /
/  ChilliePicker:                                /
/  Loading LIKE Data                             /
/                                                /
//////////////////////////////////////////////////
//////////////////////////////////////////////////
/                                                /
/  ChilliePicker:                                /
/  Loading LIKE Data                             /
/                                                /
//////////////////////////////////////////////////
//////////////////////////////////////////////////
/                                                /
/  ChilliePicker:                                /
/  Loading LIKE Data                             /
/                                                /
//////////////////////////////////////////////////
//////////////////////////////////////////////////
/                                                /
/  ChilliePicker:                                /
/  Loading LIKE Data                             /
/                                                /
//////////////////////////////////////////////////
//////////////////////////////////////////////////
/                                                /
/  ChilliePicker:                                /
/  Loading LIKE Data                             /
/                                                /
//////////////////////////////////////////////////
//////////////////////////////////////////////////
/                                                /
/  ChilliePicker:                                /
/  Loading LIKE Data                             /
/                                                /
//////////////////////////////////////////////////
//////////////////////////////////////////////////
/                                                /
/  ChilliePicker:                                /
/  Loading LIKE Data                             /
/                                                /
//////////////////////////////////////////////////
//////////////////////////////////////////////////
/                                                /
/  ChilliePicker:                                /
/  Loading LIKE Data                             /
/                                                /
//////////////////////////////////////////////////
//////////////////////////////////////////////////
/                                                /
/  ChilliePicker:                                /
/  Loading LIKE Data                             /
/                                                /
//////////////////////////////////////////////////
//////////////////////////////////////////////////
/                                                /
/  ChilliePicker:                                /
/  Loading LIKE Data                             /
/                                                /
//////////////////////////////////////////////////
//////////////////////////////////////////////////
/                                                /
/  ChilliePicker:                                /
/  Loading LIKE Data                             /
/                                                /
//////////////////////////////////////////////////
//////////////////////////////////////////////////
/                                                /
/  ChilliePicker:                                /
/  Loading LIKE Data                             /
/                                                /
//////////////////////////////////////////////////
//////////////////////////////////////////////////
/                                                /
/  ChilliePicker:                                /
/  Loading LIKE Data                             /
/                                                /
//////////////////////////////////////////////////
//////////////////////////////////////////////////
/                                                /
/  ChilliePicker:                                /
/  Loading LIKE Data                             /
/                                                /
//////////////////////////////////////////////////
//////////////////////////////////////////////////
/                                                /
/  ChilliePicker:                                /
/  Loading LIKE Data                             /
/                                                /
//////////////////////////////////////////////////
ChilliePicker is too fat for Twitter - Must Take a nap!
ZZzz (15 Minutes Left)
Zz (5 Minutes Left)
Z (1 Minute Left)
*Yawn* I feel Recharged!!
//////////////////////////////////////////////////
/                                                /
/  ChilliePicker:                                /
/  Loading LIKE Data                             /
/                                                /
//////////////////////////////////////////////////
//////////////////////////////////////////////////
/                                                /
/  ChilliePicker:                                /
/  Loading LIKE Data                             /
/                                                /
//////////////////////////////////////////////////
//////////////////////////////////////////////////
/                                                /
/  ChilliePicker:                                /
/  Loading LIKE Data                             /
/                                                /
//////////////////////////////////////////////////
//////////////////////////////////////////////////
/                                                /
/  ChilliePicker:                                /
/  Loading LIKE Data                             /
/                                                /
//////////////////////////////////////////////////
//////////////////////////////////////////////////
/                                                /
/  ChilliePicker:                                /
/  Loading LIKE Data                             /
/                                                /
//////////////////////////////////////////////////
//////////////////////////////////////////////////
/                                                /
/  ChilliePicker:                                /
/  Loading LIKE Data                             /
/                                                /
//////////////////////////////////////////////////
//////////////////////////////////////////////////
/                                                /
/  ChilliePicker:                                /
/  Loading LIKE Data                             /
/                                                /
//////////////////////////////////////////////////
//////////////////////////////////////////////////
/                                                /
/  ChilliePicker:                                /
/  Loading LIKE Data                             /
/                                                /
//////////////////////////////////////////////////
//////////////////////////////////////////////////
/                                                /
/  ChilliePicker:                                /
/  Loading LIKE Data                             /
/                                                /
//////////////////////////////////////////////////
//////////////////////////////////////////////////
/                                                /
/  ChilliePicker:                                /
/  Loading LIKE Data                             /
/                                                /
//////////////////////////////////////////////////
//////////////////////////////////////////////////
/                                                /
/  ChilliePicker:                                /
/  Loading LIKE Data                             /
/                                                /
//////////////////////////////////////////////////
//////////////////////////////////////////////////
/                                                /
/  ChilliePicker:                                /
/  Loading LIKE Data                             /
/                                                /
//////////////////////////////////////////////////
//////////////////////////////////////////////////
/                                                /
/  ChilliePicker:                                /
/  Loading LIKE Data                             /
/                                                /
//////////////////////////////////////////////////
//////////////////////////////////////////////////
/                                                /
/  ChilliePicker:                                /
/  Loading LIKE Data                             /
/                                                /
//////////////////////////////////////////////////
**************************************************
*                                                *
*  ChilliePicker:                                *
*  Yummy LIKEs!                                  *
*                                                *
**************************************************
**************************************************
*                                                *
*  ChilliePicker:                                *
*  I'm satisfied -                               *
*  There are 3285 Like Entries!!                 *
*                                                *
**************************************************
**************************************************
*                                                *
*  ChilliePicker:                                *
*  Checking Retweets                             *
*                                                *
**************************************************
//////////////////////////////////////////////////
/                                                /
/  ChilliePicker:                                /
/  Loading RETWEET Data                          /
/                                                /
//////////////////////////////////////////////////
//////////////////////////////////////////////////
/                                                /
/  ChilliePicker:                                /
/  Loading RETWEET Data                          /
/                                                /
//////////////////////////////////////////////////
//////////////////////////////////////////////////
/                                                /
/  ChilliePicker:                                /
/  Loading RETWEET Data                          /
/                                                /
//////////////////////////////////////////////////
//////////////////////////////////////////////////
/                                                /
/  ChilliePicker:                                /
/  Loading RETWEET Data                          /
/                                                /
//////////////////////////////////////////////////
//////////////////////////////////////////////////
/                                                /
/  ChilliePicker:                                /
/  Loading RETWEET Data                          /
/                                                /
//////////////////////////////////////////////////
ChilliePicker is too fat for Twitter - Must Take a nap!
ZZzz (15 Minutes Left)
Zz (5 Minutes Left)
Z (1 Minute Left)
*Yawn* I feel Recharged!!
//////////////////////////////////////////////////
/                                                /
/  ChilliePicker:                                /
/  Loading RETWEET Data                          /
/                                                /
//////////////////////////////////////////////////
//////////////////////////////////////////////////
/                                                /
/  ChilliePicker:                                /
/  Loading RETWEET Data                          /
/                                                /
//////////////////////////////////////////////////
//////////////////////////////////////////////////
/                                                /
/  ChilliePicker:                                /
/  Loading RETWEET Data                          /
/                                                /
//////////////////////////////////////////////////
//////////////////////////////////////////////////
/                                                /
/  ChilliePicker:                                /
/  Loading RETWEET Data                          /
/                                                /
//////////////////////////////////////////////////
//////////////////////////////////////////////////
/                                                /
/  ChilliePicker:                                /
/  Loading RETWEET Data                          /
/                                                /
//////////////////////////////////////////////////
ChilliePicker is too fat for Twitter - Must Take a nap!
ZZzz (15 Minutes Left)
Zz (5 Minutes Left)
Z (1 Minute Left)
*Yawn* I feel Recharged!!
//////////////////////////////////////////////////
/                                                /
/  ChilliePicker:                                /
/  Loading RETWEET Data                          /
/                                                /
//////////////////////////////////////////////////
//////////////////////////////////////////////////
/                                                /
/  ChilliePicker:                                /
/  Loading RETWEET Data                          /
/                                                /
//////////////////////////////////////////////////
//////////////////////////////////////////////////
/                                                /
/  ChilliePicker:                                /
/  Loading RETWEET Data                          /
/                                                /
//////////////////////////////////////////////////
//////////////////////////////////////////////////
/                                                /
/  ChilliePicker:                                /
/  Loading RETWEET Data                          /
/                                                /
//////////////////////////////////////////////////
//////////////////////////////////////////////////
/                                                /
/  ChilliePicker:                                /
/  Loading RETWEET Data                          /
/                                                /
//////////////////////////////////////////////////
ChilliePicker is too fat for Twitter - Must Take a nap!
ZZzz (15 Minutes Left)
Zz (5 Minutes Left)
Z (1 Minute Left)
*Yawn* I feel Recharged!!
//////////////////////////////////////////////////
/                                                /
/  ChilliePicker:                                /
/  Loading RETWEET Data                          /
/                                                /
//////////////////////////////////////////////////
//////////////////////////////////////////////////
/                                                /
/  ChilliePicker:                                /
/  Loading RETWEET Data                          /
/                                                /
//////////////////////////////////////////////////
//////////////////////////////////////////////////
/                                                /
/  ChilliePicker:                                /
/  Loading RETWEET Data                          /
/                                                /
//////////////////////////////////////////////////
//////////////////////////////////////////////////
/                                                /
/  ChilliePicker:                                /
/  Loading RETWEET Data                          /
/                                                /
//////////////////////////////////////////////////
//////////////////////////////////////////////////
/                                                /
/  ChilliePicker:                                /
/  Loading RETWEET Data                          /
/                                                /
//////////////////////////////////////////////////
ChilliePicker is too fat for Twitter - Must Take a nap!
ZZzz (15 Minutes Left)
Zz (5 Minutes Left)
Z (1 Minute Left)
*Yawn* I feel Recharged!!
//////////////////////////////////////////////////
/                                                /
/  ChilliePicker:                                /
/  Loading RETWEET Data                          /
/                                                /
//////////////////////////////////////////////////
//////////////////////////////////////////////////
/                                                /
/  ChilliePicker:                                /
/  Loading RETWEET Data                          /
/                                                /
//////////////////////////////////////////////////
//////////////////////////////////////////////////
/                                                /
/  ChilliePicker:                                /
/  Loading RETWEET Data                          /
/                                                /
//////////////////////////////////////////////////
//////////////////////////////////////////////////
/                                                /
/  ChilliePicker:                                /
/  Loading RETWEET Data                          /
/                                                /
//////////////////////////////////////////////////
//////////////////////////////////////////////////
/                                                /
/  ChilliePicker:                                /
/  Loading RETWEET Data                          /
/                                                /
//////////////////////////////////////////////////
ChilliePicker is too fat for Twitter - Must Take a nap!
ZZzz (15 Minutes Left)
Zz (5 Minutes Left)
Z (1 Minute Left)
*Yawn* I feel Recharged!!
//////////////////////////////////////////////////
/                                                /
/  ChilliePicker:                                /
/  Loading RETWEET Data                          /
/                                                /
//////////////////////////////////////////////////
//////////////////////////////////////////////////
/                                                /
/  ChilliePicker:                                /
/  Loading RETWEET Data                          /
/                                                /
//////////////////////////////////////////////////
//////////////////////////////////////////////////
/                                                /
/  ChilliePicker:                                /
/  Loading RETWEET Data                          /
/                                                /
//////////////////////////////////////////////////
//////////////////////////////////////////////////
/                                                /
/  ChilliePicker:                                /
/  Loading RETWEET Data                          /
/                                                /
//////////////////////////////////////////////////
//////////////////////////////////////////////////
/                                                /
/  ChilliePicker:                                /
/  Loading RETWEET Data                          /
/                                                /
//////////////////////////////////////////////////
ChilliePicker is too fat for Twitter - Must Take a nap!
ZZzz (15 Minutes Left)
Zz (5 Minutes Left)
Z (1 Minute Left)
*Yawn* I feel Recharged!!
//////////////////////////////////////////////////
/                                                /
/  ChilliePicker:                                /
/  Loading RETWEET Data                          /
/                                                /
//////////////////////////////////////////////////
//////////////////////////////////////////////////
/                                                /
/  ChilliePicker:                                /
/  Loading RETWEET Data                          /
/                                                /
//////////////////////////////////////////////////
//////////////////////////////////////////////////
/                                                /
/  ChilliePicker:                                /
/  Loading RETWEET Data                          /
/                                                /
//////////////////////////////////////////////////
//////////////////////////////////////////////////
/                                                /
/  ChilliePicker:                                /
/  Loading RETWEET Data                          /
/                                                /
//////////////////////////////////////////////////
//////////////////////////////////////////////////
/                                                /
/  ChilliePicker:                                /
/  Loading RETWEET Data                          /
/                                                /
//////////////////////////////////////////////////
ChilliePicker is too fat for Twitter - Must Take a nap!
ZZzz (15 Minutes Left)
Zz (5 Minutes Left)
Z (1 Minute Left)
*Yawn* I feel Recharged!!
//////////////////////////////////////////////////
/                                                /
/  ChilliePicker:                                /
/  Loading RETWEET Data                          /
/                                                /
//////////////////////////////////////////////////
//////////////////////////////////////////////////
/                                                /
/  ChilliePicker:                                /
/  Loading RETWEET Data                          /
/                                                /
//////////////////////////////////////////////////
//////////////////////////////////////////////////
/                                                /
/  ChilliePicker:                                /
/  Loading RETWEET Data                          /
/                                                /
//////////////////////////////////////////////////
//////////////////////////////////////////////////
/                                                /
/  ChilliePicker:                                /
/  Loading RETWEET Data                          /
/                                                /
//////////////////////////////////////////////////
//////////////////////////////////////////////////
/                                                /
/  ChilliePicker:                                /
/  Loading RETWEET Data                          /
/                                                /
//////////////////////////////////////////////////
ChilliePicker is too fat for Twitter - Must Take a nap!
ZZzz (15 Minutes Left)
Zz (5 Minutes Left)
Z (1 Minute Left)
*Yawn* I feel Recharged!!
//////////////////////////////////////////////////
/                                                /
/  ChilliePicker:                                /
/  Loading RETWEET Data                          /
/                                                /
//////////////////////////////////////////////////
//////////////////////////////////////////////////
/                                                /
/  ChilliePicker:                                /
/  Loading RETWEET Data                          /
/                                                /
//////////////////////////////////////////////////
//////////////////////////////////////////////////
/                                                /
/  ChilliePicker:                                /
/  Loading RETWEET Data                          /
/                                                /
//////////////////////////////////////////////////
//////////////////////////////////////////////////
/                                                /
/  ChilliePicker:                                /
/  Loading RETWEET Data                          /
/                                                /
//////////////////////////////////////////////////
//////////////////////////////////////////////////
/                                                /
/  ChilliePicker:                                /
/  Loading RETWEET Data                          /
/                                                /
//////////////////////////////////////////////////
ChilliePicker is too fat for Twitter - Must Take a nap!
ZZzz (15 Minutes Left)
Zz (5 Minutes Left)
Z (1 Minute Left)
*Yawn* I feel Recharged!!
//////////////////////////////////////////////////
/                                                /
/  ChilliePicker:                                /
/  Loading RETWEET Data                          /
/                                                /
//////////////////////////////////////////////////
//////////////////////////////////////////////////
/                                                /
/  ChilliePicker:                                /
/  Loading RETWEET Data                          /
/                                                /
//////////////////////////////////////////////////
//////////////////////////////////////////////////
/                                                /
/  ChilliePicker:                                /
/  Loading RETWEET Data                          /
/                                                /
//////////////////////////////////////////////////
//////////////////////////////////////////////////
/                                                /
/  ChilliePicker:                                /
/  Loading RETWEET Data                          /
/                                                /
//////////////////////////////////////////////////
//////////////////////////////////////////////////
/                                                /
/  ChilliePicker:                                /
/  Loading RETWEET Data                          /
/                                                /
//////////////////////////////////////////////////
ChilliePicker is too fat for Twitter - Must Take a nap!
ZZzz (15 Minutes Left)
Zz (5 Minutes Left)
Z (1 Minute Left)
*Yawn* I feel Recharged!!
//////////////////////////////////////////////////
/                                                /
/  ChilliePicker:                                /
/  Loading RETWEET Data                          /
/                                                /
//////////////////////////////////////////////////
//////////////////////////////////////////////////
/                                                /
/  ChilliePicker:                                /
/  Loading RETWEET Data                          /
/                                                /
//////////////////////////////////////////////////
//////////////////////////////////////////////////
/                                                /
/  ChilliePicker:                                /
/  Loading RETWEET Data                          /
/                                                /
//////////////////////////////////////////////////
//////////////////////////////////////////////////
/                                                /
/  ChilliePicker:                                /
/  Loading RETWEET Data                          /
/                                                /
//////////////////////////////////////////////////
//////////////////////////////////////////////////
/                                                /
/  ChilliePicker:                                /
/  Loading RETWEET Data                          /
/                                                /
//////////////////////////////////////////////////
ChilliePicker is too fat for Twitter - Must Take a nap!
ZZzz (15 Minutes Left)
Zz (5 Minutes Left)
Z (1 Minute Left)
*Yawn* I feel Recharged!!
//////////////////////////////////////////////////
/                                                /
/  ChilliePicker:                                /
/  Loading RETWEET Data                          /
/                                                /
//////////////////////////////////////////////////
//////////////////////////////////////////////////
/                                                /
/  ChilliePicker:                                /
/  Loading RETWEET Data                          /
/                                                /
//////////////////////////////////////////////////
//////////////////////////////////////////////////
/                                                /
/  ChilliePicker:                                /
/  Loading RETWEET Data                          /
/                                                /
//////////////////////////////////////////////////
//////////////////////////////////////////////////
/                                                /
/  ChilliePicker:                                /
/  Loading RETWEET Data                          /
/                                                /
//////////////////////////////////////////////////
//////////////////////////////////////////////////
/                                                /
/  ChilliePicker:                                /
/  Loading RETWEET Data                          /
/                                                /
//////////////////////////////////////////////////
ChilliePicker is too fat for Twitter - Must Take a nap!
ZZzz (15 Minutes Left)
Zz (5 Minutes Left)
Z (1 Minute Left)
*Yawn* I feel Recharged!!
//////////////////////////////////////////////////
/                                                /
/  ChilliePicker:                                /
/  Loading RETWEET Data                          /
/                                                /
//////////////////////////////////////////////////
//////////////////////////////////////////////////
/                                                /
/  ChilliePicker:                                /
/  Loading RETWEET Data                          /
/                                                /
//////////////////////////////////////////////////
//////////////////////////////////////////////////
/                                                /
/  ChilliePicker:                                /
/  Loading RETWEET Data                          /
/                                                /
//////////////////////////////////////////////////
//////////////////////////////////////////////////
/                                                /
/  ChilliePicker:                                /
/  Loading RETWEET Data                          /
/                                                /
//////////////////////////////////////////////////
//////////////////////////////////////////////////
/                                                /
/  ChilliePicker:                                /
/  Loading RETWEET Data                          /
/                                                /
//////////////////////////////////////////////////
ChilliePicker is too fat for Twitter - Must Take a nap!
ZZzz (15 Minutes Left)
Zz (5 Minutes Left)
Z (1 Minute Left)
*Yawn* I feel Recharged!!
//////////////////////////////////////////////////
/                                                /
/  ChilliePicker:                                /
/  Loading RETWEET Data                          /
/                                                /
//////////////////////////////////////////////////
//////////////////////////////////////////////////
/                                                /
/  ChilliePicker:                                /
/  Loading RETWEET Data                          /
/                                                /
//////////////////////////////////////////////////
//////////////////////////////////////////////////
/                                                /
/  ChilliePicker:                                /
/  Loading RETWEET Data                          /
/                                                /
//////////////////////////////////////////////////
//////////////////////////////////////////////////
/                                                /
/  ChilliePicker:                                /
/  Loading RETWEET Data                          /
/                                                /
//////////////////////////////////////////////////
//////////////////////////////////////////////////
/                                                /
/  ChilliePicker:                                /
/  Loading RETWEET Data                          /
/                                                /
//////////////////////////////////////////////////
ChilliePicker is too fat for Twitter - Must Take a nap!
ZZzz (15 Minutes Left)
Zz (5 Minutes Left)
Z (1 Minute Left)
*Yawn* I feel Recharged!!
//////////////////////////////////////////////////
/                                                /
/  ChilliePicker:                                /
/  Loading RETWEET Data                          /
/                                                /
//////////////////////////////////////////////////
//////////////////////////////////////////////////
/                                                /
/  ChilliePicker:                                /
/  Loading RETWEET Data                          /
/                                                /
//////////////////////////////////////////////////
//////////////////////////////////////////////////
/                                                /
/  ChilliePicker:                                /
/  Loading RETWEET Data                          /
/                                                /
//////////////////////////////////////////////////
**************************************************
*                                                *
*  ChilliePicker:                                *
*  Yummy RETWEETs!                               *
*                                                *
**************************************************
**************************************************
*                                                *
*  ChilliePicker:                                *
*  I'm satisfied -                               *
*  There are 3858 Retweet Entries!!              *
*                                                *
**************************************************
**************************************************
*                                                *
*  ChilliePicker:                                *
*  Just Pulling entries - Pick Winner Seperatel  *
*  y.                                            *
*                                                *
**************************************************
